  [1m[36m (8.3ms)[0m  [1mCREATE TABLE "schema_migrations" ("version" character varying(255) NOT NULL) [0m
  [1m[35m (3.8ms)[0m  CREATE UNIQUE INDEX  "unique_schema_migrations" ON "schema_migrations"  ("version")
  [1m[36mActiveRecord::SchemaMigration Load (0.5ms)[0m  [1mSELECT "schema_migrations".* FROM "schema_migrations"[0m
Migrating to CreateTopics (20140927041719)
  [1m[35m (0.3ms)[0m  BEGIN
  [1m[36m (7.4ms)[0m  [1mCREATE TABLE "topics" ("id" serial primary key, "title" character varying(255) NOT NULL, "summary" character varying(255), "created_at" timestamp, "updated_at" timestamp) [0m
  [1m[35mSQL (1.2ms)[0m  INSERT INTO "schema_migrations" ("version") VALUES ($1)  [["version", "20140927041719"]]
  [1m[36m (0.6ms)[0m  [1mCOMMIT[0m
  [1m[35mActiveRecord::SchemaMigration Load (0.3ms)[0m  SELECT "schema_migrations".* FROM "schema_migrations"
  [1m[36m (0.2ms)[0m  [1mDROP DATABASE IF EXISTS "hugefan_default"[0m
  [1m[35m (329.2ms)[0m  CREATE DATABASE "hugefan_default" ENCODING = 'unicode'
  [1m[36mSQL (0.4ms)[0m  [1mCREATE EXTENSION IF NOT EXISTS "plpgsql"[0m
  [1m[35m (9.5ms)[0m  CREATE TABLE "topics" ("id" serial primary key, "title" character varying(255) NOT NULL, "summary" character varying(255), "created_at" timestamp, "updated_at" timestamp) 
  [1m[36m (1.3ms)[0m  [1mCREATE TABLE "schema_migrations" ("version" character varying(255) NOT NULL) [0m
  [1m[35m (1.5ms)[0m  CREATE UNIQUE INDEX  "unique_schema_migrations" ON "schema_migrations"  ("version")
  [1m[36m (0.4ms)[0m  [1mSELECT version FROM "schema_migrations"[0m
  [1m[35m (0.6ms)[0m  INSERT INTO "schema_migrations" (version) VALUES ('20140927041719')
  [1m[36mActiveRecord::SchemaMigration Load (0.3ms)[0m  [1mSELECT "schema_migrations".* FROM "schema_migrations"[0m
  [1m[36mTopic Load (2.9ms)[0m  [1mSELECT "topics".* FROM "topics"[0m


Started GET "/" for 127.0.0.1 at 2014-09-26 21:59:10 -0700
  [1m[36mActiveRecord::SchemaMigration Load (0.8ms)[0m  [1mSELECT "schema_migrations".* FROM "schema_migrations"[0m
Processing by Rails::WelcomeController#index as HTML
  Rendered /Users/josephnguyen/.rvm/gems/ruby-2.1.1/gems/railties-4.1.1/lib/rails/templates/rails/welcome/index.html.erb (2.3ms)
Completed 200 OK in 21ms (Views: 10.9ms | ActiveRecord: 0.0ms)
  [1m[36m (0.4ms)[0m  [1mBEGIN[0m
  [1m[35mSQL (1.8ms)[0m  INSERT INTO "topics" ("created_at", "title", "updated_at") VALUES ($1, $2, $3) RETURNING "id"  [["created_at", "2014-09-27 04:59:49.597735"], ["title", "Movie"], ["updated_at", "2014-09-27 04:59:49.597735"]]
  [1m[36m (0.6ms)[0m  [1mCOMMIT[0m
  [1m[35mSQL (2.6ms)[0m  DELETE FROM "topics"
  [1m[36mTopic Load (0.8ms)[0m  [1mSELECT "topics".* FROM "topics"[0m
  [1m[35m (0.3ms)[0m  BEGIN
  [1m[36mSQL (0.6ms)[0m  [1mINSERT INTO "topics" ("created_at", "title", "updated_at") VALUES ($1, $2, $3) RETURNING "id"[0m  [["created_at", "2014-09-27 05:04:31.671568"], ["title", "Sports"], ["updated_at", "2014-09-27 05:04:31.671568"]]
  [1m[35m (2.3ms)[0m  COMMIT
  [1m[36m (5048.0ms)[0m  [1mDROP DATABASE IF EXISTS "hugefan_default"[0m
PG::ObjectInUse: ERROR:  database "hugefan_default" is being accessed by other users
DETAIL:  There is 1 other session using the database.
: DROP DATABASE IF EXISTS "hugefan_default"
  [1m[35m (1.4ms)[0m  CREATE DATABASE "hugefan_default" ENCODING = 'unicode'
PG::DuplicateDatabase: ERROR:  database "hugefan_default" already exists
: CREATE DATABASE "hugefan_default" ENCODING = 'unicode'
  [1m[36mSQL (0.3ms)[0m  [1mCREATE EXTENSION IF NOT EXISTS "plpgsql"[0m
  [1m[35m (6.3ms)[0m  DROP TABLE "topics"
  [1m[36m (7.3ms)[0m  [1mCREATE TABLE "topics" ("id" serial primary key, "title" character varying(255) NOT NULL, "summary" character varying(255), "created_at" timestamp, "updated_at" timestamp) [0m
  [1m[35m (0.5ms)[0m  SELECT version FROM "schema_migrations"
  [1m[36mActiveRecord::SchemaMigration Load (0.3ms)[0m  [1mSELECT "schema_migrations".* FROM "schema_migrations"[0m
  [1m[35m (0.2ms)[0m  BEGIN
  [1m[36mSQL (0.8ms)[0m  [1mINSERT INTO "topics" ("created_at", "title", "updated_at") VALUES ($1, $2, $3) RETURNING "id"[0m  [["created_at", "2014-09-27 05:05:16.096909"], ["title", "Movies"], ["updated_at", "2014-09-27 05:05:16.096909"]]
  [1m[35m (0.6ms)[0m  COMMIT
  [1m[36m (0.2ms)[0m  [1mBEGIN[0m
  [1m[35mSQL (0.7ms)[0m  INSERT INTO "topics" ("created_at", "title", "updated_at") VALUES ($1, $2, $3) RETURNING "id"  [["created_at", "2014-09-27 05:05:16.102824"], ["title", "Sports"], ["updated_at", "2014-09-27 05:05:16.102824"]]
  [1m[36m (0.4ms)[0m  [1mCOMMIT[0m
  [1m[36mTopic Load (1.5ms)[0m  [1mSELECT "topics".* FROM "topics"[0m


Started GET "/topics/1" for 127.0.0.1 at 2014-09-26 22:06:48 -0700

ActionController::RoutingError (No route matches [GET] "/topics/1"):
  actionpack (4.1.1) lib/action_dispatch/middleware/debug_exceptions.rb:21:in `call'
  actionpack (4.1.1) lib/action_dispatch/middleware/show_exceptions.rb:30:in `call'
  railties (4.1.1) lib/rails/rack/logger.rb:38:in `call_app'
  railties (4.1.1) lib/rails/rack/logger.rb:20:in `block in call'
  activesupport (4.1.1) lib/active_support/tagged_logging.rb:68:in `block in tagged'
  activesupport (4.1.1) lib/active_support/tagged_logging.rb:26:in `tagged'
  activesupport (4.1.1) lib/active_support/tagged_logging.rb:68:in `tagged'
  railties (4.1.1) lib/rails/rack/logger.rb:20:in `call'
  actionpack (4.1.1) lib/action_dispatch/middleware/request_id.rb:21:in `call'
  rack (1.5.2) lib/rack/methodoverride.rb:21:in `call'
  rack (1.5.2) lib/rack/runtime.rb:17:in `call'
  activesupport (4.1.1) lib/active_support/cache/strategy/local_cache_middleware.rb:26:in `call'
  rack (1.5.2) lib/rack/lock.rb:17:in `call'
  actionpack (4.1.1) lib/action_dispatch/middleware/static.rb:64:in `call'
  rack (1.5.2) lib/rack/sendfile.rb:112:in `call'
  railties (4.1.1) lib/rails/engine.rb:514:in `call'
  railties (4.1.1) lib/rails/application.rb:144:in `call'
  rack (1.5.2) lib/rack/lock.rb:17:in `call'
  rack (1.5.2) lib/rack/content_length.rb:14:in `call'
  rack (1.5.2) lib/rack/handler/webrick.rb:60:in `service'
  /Users/josephnguyen/.rvm/rubies/ruby-2.1.1/lib/ruby/2.1.0/webrick/httpserver.rb:138:in `service'
  /Users/josephnguyen/.rvm/rubies/ruby-2.1.1/lib/ruby/2.1.0/webrick/httpserver.rb:94:in `run'
  /Users/josephnguyen/.rvm/rubies/ruby-2.1.1/lib/ruby/2.1.0/webrick/server.rb:295:in `block in start_thread'


  Rendered /Users/josephnguyen/.rvm/gems/ruby-2.1.1/gems/actionpack-4.1.1/lib/action_dispatch/middleware/templates/rescues/_trace.html.erb (1.0ms)
  Rendered /Users/josephnguyen/.rvm/gems/ruby-2.1.1/gems/actionpack-4.1.1/lib/action_dispatch/middleware/templates/routes/_table.html.erb (8.4ms)
  Rendered /Users/josephnguyen/.rvm/gems/ruby-2.1.1/gems/actionpack-4.1.1/lib/action_dispatch/middleware/templates/rescues/routing_error.html.erb within rescues/layout (24.5ms)


Started GET "/topics/1" for 127.0.0.1 at 2014-09-26 22:07:01 -0700

SyntaxError - /Users/josephnguyen/HugeFan/config/routes.rb:2: syntax error, unexpected ':', expecting keyword_end
  resources: topics
            ^:
  activesupport (4.1.1) lib/active_support/dependencies.rb:241:in `'
  activesupport (4.1.1) lib/active_support/dependencies.rb:241:in `block in load'
  activesupport (4.1.1) lib/active_support/dependencies.rb:232:in `load_dependency'
  activesupport (4.1.1) lib/active_support/dependencies.rb:241:in `load'
  railties (4.1.1) lib/rails/application/routes_reloader.rb:40:in `block in load_paths'
  railties (4.1.1) lib/rails/application/routes_reloader.rb:40:in `load_paths'
  railties (4.1.1) lib/rails/application/routes_reloader.rb:16:in `reload!'
  railties (4.1.1) lib/rails/application/routes_reloader.rb:26:in `block in updater'
  activesupport (4.1.1) lib/active_support/file_update_checker.rb:75:in `execute'
  railties (4.1.1) lib/rails/application/routes_reloader.rb:7:in `execute'
  railties (4.1.1) lib/rails/application/finisher.rb:83:in `block (2 levels) in <module:Finisher>'
  activesupport (4.1.1) lib/active_support/callbacks.rb:438:in `block in make_lambda'
  activesupport (4.1.1) lib/active_support/callbacks.rb:184:in `block in simple'
  activesupport (4.1.1) lib/active_support/callbacks.rb:185:in `block in simple'
  activesupport (4.1.1) lib/active_support/callbacks.rb:185:in `block in simple'
  activesupport (4.1.1) lib/active_support/callbacks.rb:86:in `run_callbacks'
  actionpack (4.1.1) lib/action_dispatch/middleware/reloader.rb:83:in `prepare!'
  actionpack (4.1.1) lib/action_dispatch/middleware/reloader.rb:71:in `call'
  actionpack (4.1.1) lib/action_dispatch/middleware/remote_ip.rb:76:in `call'
  better_errors (1.1.0) lib/better_errors/middleware.rb:84:in `protected_app_call'
  better_errors (1.1.0) lib/better_errors/middleware.rb:79:in `better_errors_call'
  better_errors (1.1.0) lib/better_errors/middleware.rb:56:in `call'
  actionpack (4.1.1) lib/action_dispatch/middleware/debug_exceptions.rb:17:in `call'
  actionpack (4.1.1) lib/action_dispatch/middleware/show_exceptions.rb:30:in `call'
  railties (4.1.1) lib/rails/rack/logger.rb:38:in `call_app'
  railties (4.1.1) lib/rails/rack/logger.rb:20:in `block in call'
  activesupport (4.1.1) lib/active_support/tagged_logging.rb:68:in `block in tagged'
  activesupport (4.1.1) lib/active_support/tagged_logging.rb:26:in `tagged'
  activesupport (4.1.1) lib/active_support/tagged_logging.rb:68:in `tagged'
  railties (4.1.1) lib/rails/rack/logger.rb:20:in `call'
  actionpack (4.1.1) lib/action_dispatch/middleware/request_id.rb:21:in `call'
  rack (1.5.2) lib/rack/methodoverride.rb:21:in `call'
  rack (1.5.2) lib/rack/runtime.rb:17:in `call'
  activesupport (4.1.1) lib/active_support/cache/strategy/local_cache_middleware.rb:26:in `call'
  rack (1.5.2) lib/rack/lock.rb:17:in `call'
  actionpack (4.1.1) lib/action_dispatch/middleware/static.rb:64:in `call'
  rack (1.5.2) lib/rack/sendfile.rb:112:in `call'
  railties (4.1.1) lib/rails/engine.rb:514:in `call'
  railties (4.1.1) lib/rails/application.rb:144:in `call'
  rack (1.5.2) lib/rack/lock.rb:17:in `call'
  rack (1.5.2) lib/rack/content_length.rb:14:in `call'
  rack (1.5.2) lib/rack/handler/webrick.rb:60:in `service'
   () Users/josephnguyen/.rvm/rubies/ruby-2.1.1/lib/ruby/2.1.0/webrick/httpserver.rb:138:in `service'
   () Users/josephnguyen/.rvm/rubies/ruby-2.1.1/lib/ruby/2.1.0/webrick/httpserver.rb:94:in `run'
   () Users/josephnguyen/.rvm/rubies/ruby-2.1.1/lib/ruby/2.1.0/webrick/server.rb:295:in `block in start_thread'



Started POST "/__better_errors/2200087040/variables" for 127.0.0.1 at 2014-09-26 22:07:01 -0700


Started GET "/topics/1" for 127.0.0.1 at 2014-09-26 22:07:33 -0700

SyntaxError - /Users/josephnguyen/HugeFan/config/routes.rb:2: syntax error, unexpected ':', expecting keyword_end
  resources: topics
            ^:
  activesupport (4.1.1) lib/active_support/dependencies.rb:241:in `'
  activesupport (4.1.1) lib/active_support/dependencies.rb:241:in `block in load'
  activesupport (4.1.1) lib/active_support/dependencies.rb:232:in `load_dependency'
  activesupport (4.1.1) lib/active_support/dependencies.rb:241:in `load'
  railties (4.1.1) lib/rails/application/routes_reloader.rb:40:in `block in load_paths'
  railties (4.1.1) lib/rails/application/routes_reloader.rb:40:in `load_paths'
  railties (4.1.1) lib/rails/application/routes_reloader.rb:16:in `reload!'
  railties (4.1.1) lib/rails/application/routes_reloader.rb:26:in `block in updater'
  activesupport (4.1.1) lib/active_support/file_update_checker.rb:75:in `execute'
  railties (4.1.1) lib/rails/application/routes_reloader.rb:7:in `execute'
  railties (4.1.1) lib/rails/application/finisher.rb:83:in `block (2 levels) in <module:Finisher>'
  activesupport (4.1.1) lib/active_support/callbacks.rb:438:in `block in make_lambda'
  activesupport (4.1.1) lib/active_support/callbacks.rb:184:in `block in simple'
  activesupport (4.1.1) lib/active_support/callbacks.rb:185:in `block in simple'
  activesupport (4.1.1) lib/active_support/callbacks.rb:185:in `block in simple'
  activesupport (4.1.1) lib/active_support/callbacks.rb:86:in `run_callbacks'
  actionpack (4.1.1) lib/action_dispatch/middleware/reloader.rb:83:in `prepare!'
  actionpack (4.1.1) lib/action_dispatch/middleware/reloader.rb:71:in `call'
  actionpack (4.1.1) lib/action_dispatch/middleware/remote_ip.rb:76:in `call'
  better_errors (1.1.0) lib/better_errors/middleware.rb:84:in `protected_app_call'
  better_errors (1.1.0) lib/better_errors/middleware.rb:79:in `better_errors_call'
  better_errors (1.1.0) lib/better_errors/middleware.rb:56:in `call'
  actionpack (4.1.1) lib/action_dispatch/middleware/debug_exceptions.rb:17:in `call'
  actionpack (4.1.1) lib/action_dispatch/middleware/show_exceptions.rb:30:in `call'
  railties (4.1.1) lib/rails/rack/logger.rb:38:in `call_app'
  railties (4.1.1) lib/rails/rack/logger.rb:20:in `block in call'
  activesupport (4.1.1) lib/active_support/tagged_logging.rb:68:in `block in tagged'
  activesupport (4.1.1) lib/active_support/tagged_logging.rb:26:in `tagged'
  activesupport (4.1.1) lib/active_support/tagged_logging.rb:68:in `tagged'
  railties (4.1.1) lib/rails/rack/logger.rb:20:in `call'
  actionpack (4.1.1) lib/action_dispatch/middleware/request_id.rb:21:in `call'
  rack (1.5.2) lib/rack/methodoverride.rb:21:in `call'
  rack (1.5.2) lib/rack/runtime.rb:17:in `call'
  activesupport (4.1.1) lib/active_support/cache/strategy/local_cache_middleware.rb:26:in `call'
  rack (1.5.2) lib/rack/lock.rb:17:in `call'
  actionpack (4.1.1) lib/action_dispatch/middleware/static.rb:64:in `call'
  rack (1.5.2) lib/rack/sendfile.rb:112:in `call'
  railties (4.1.1) lib/rails/engine.rb:514:in `call'
  railties (4.1.1) lib/rails/application.rb:144:in `call'
  rack (1.5.2) lib/rack/lock.rb:17:in `call'
  rack (1.5.2) lib/rack/content_length.rb:14:in `call'
  rack (1.5.2) lib/rack/handler/webrick.rb:60:in `service'
   () Users/josephnguyen/.rvm/rubies/ruby-2.1.1/lib/ruby/2.1.0/webrick/httpserver.rb:138:in `service'
   () Users/josephnguyen/.rvm/rubies/ruby-2.1.1/lib/ruby/2.1.0/webrick/httpserver.rb:94:in `run'
   () Users/josephnguyen/.rvm/rubies/ruby-2.1.1/lib/ruby/2.1.0/webrick/server.rb:295:in `block in start_thread'



Started POST "/__better_errors/2198263260/variables" for 127.0.0.1 at 2014-09-26 22:07:33 -0700


Started GET "/topics/1" for 127.0.0.1 at 2014-09-26 22:13:29 -0700
  [1m[36mActiveRecord::SchemaMigration Load (1.1ms)[0m  [1mSELECT "schema_migrations".* FROM "schema_migrations"[0m
Processing by TopicsController#show as HTML
  Parameters: {"id"=>"1"}
Completed 500 Internal Server Error in 11ms

RuntimeError - :
   () Users/josephnguyen/HugeFan/app/controllers/topics_controller.rb:3:in `show'
  actionpack (4.1.1) lib/action_controller/metal/implicit_render.rb:4:in `send_action'
  actionpack (4.1.1) lib/abstract_controller/base.rb:189:in `process_action'
  actionpack (4.1.1) lib/action_controller/metal/rendering.rb:10:in `process_action'
  actionpack (4.1.1) lib/abstract_controller/callbacks.rb:20:in `block in process_action'
  activesupport (4.1.1) lib/active_support/callbacks.rb:113:in `call'
  activesupport (4.1.1) lib/active_support/callbacks.rb:229:in `block in halting'
  activesupport (4.1.1) lib/active_support/callbacks.rb:229:in `block in halting'
  activesupport (4.1.1) lib/active_support/callbacks.rb:166:in `block in halting'
  activesupport (4.1.1) lib/active_support/callbacks.rb:166:in `block in halting'
  activesupport (4.1.1) lib/active_support/callbacks.rb:166:in `block in halting'
  activesupport (4.1.1) lib/active_support/callbacks.rb:86:in `run_callbacks'
  actionpack (4.1.1) lib/abstract_controller/callbacks.rb:19:in `process_action'
  actionpack (4.1.1) lib/action_controller/metal/rescue.rb:29:in `process_action'
  actionpack (4.1.1) lib/action_controller/metal/instrumentation.rb:31:in `block in process_action'
  activesupport (4.1.1) lib/active_support/notifications.rb:159:in `block in instrument'
  activesupport (4.1.1) lib/active_support/notifications/instrumenter.rb:20:in `instrument'
  activesupport (4.1.1) lib/active_support/notifications.rb:159:in `instrument'
  actionpack (4.1.1) lib/action_controller/metal/instrumentation.rb:30:in `process_action'
  actionpack (4.1.1) lib/action_controller/metal/params_wrapper.rb:250:in `process_action'
  activerecord (4.1.1) lib/active_record/railties/controller_runtime.rb:18:in `process_action'
  actionpack (4.1.1) lib/abstract_controller/base.rb:136:in `process'
  actionview (4.1.1) lib/action_view/rendering.rb:30:in `process'
  actionpack (4.1.1) lib/action_controller/metal.rb:195:in `dispatch'
  actionpack (4.1.1) lib/action_controller/metal/rack_delegation.rb:13:in `dispatch'
  actionpack (4.1.1) lib/action_controller/metal.rb:231:in `block in action'
  actionpack (4.1.1) lib/action_dispatch/routing/route_set.rb:80:in `dispatch'
  actionpack (4.1.1) lib/action_dispatch/routing/route_set.rb:48:in `call'
  actionpack (4.1.1) lib/action_dispatch/journey/router.rb:71:in `block in call'
  actionpack (4.1.1) lib/action_dispatch/journey/router.rb:59:in `call'
  actionpack (4.1.1) lib/action_dispatch/routing/route_set.rb:676:in `call'
  rack (1.5.2) lib/rack/etag.rb:23:in `call'
  rack (1.5.2) lib/rack/conditionalget.rb:25:in `call'
  rack (1.5.2) lib/rack/head.rb:11:in `call'
  actionpack (4.1.1) lib/action_dispatch/middleware/params_parser.rb:27:in `call'
  actionpack (4.1.1) lib/action_dispatch/middleware/flash.rb:254:in `call'
  rack (1.5.2) lib/rack/session/abstract/id.rb:225:in `context'
  rack (1.5.2) lib/rack/session/abstract/id.rb:220:in `call'
  actionpack (4.1.1) lib/action_dispatch/middleware/cookies.rb:560:in `call'
  activerecord (4.1.1) lib/active_record/query_cache.rb:36:in `call'
  activerecord (4.1.1) lib/active_record/connection_adapters/abstract/connection_pool.rb:621:in `call'
  activerecord (4.1.1) lib/active_record/migration.rb:380:in `call'
  actionpack (4.1.1) lib/action_dispatch/middleware/callbacks.rb:29:in `block in call'
  activesupport (4.1.1) lib/active_support/callbacks.rb:82:in `run_callbacks'
  actionpack (4.1.1) lib/action_dispatch/middleware/callbacks.rb:27:in `call'
  actionpack (4.1.1) lib/action_dispatch/middleware/reloader.rb:73:in `call'
  actionpack (4.1.1) lib/action_dispatch/middleware/remote_ip.rb:76:in `call'
  better_errors (1.1.0) lib/better_errors/middleware.rb:84:in `protected_app_call'
  better_errors (1.1.0) lib/better_errors/middleware.rb:79:in `better_errors_call'
  better_errors (1.1.0) lib/better_errors/middleware.rb:56:in `call'
  actionpack (4.1.1) lib/action_dispatch/middleware/debug_exceptions.rb:17:in `call'
  actionpack (4.1.1) lib/action_dispatch/middleware/show_exceptions.rb:30:in `call'
  railties (4.1.1) lib/rails/rack/logger.rb:38:in `call_app'
  railties (4.1.1) lib/rails/rack/logger.rb:20:in `block in call'
  activesupport (4.1.1) lib/active_support/tagged_logging.rb:68:in `block in tagged'
  activesupport (4.1.1) lib/active_support/tagged_logging.rb:26:in `tagged'
  activesupport (4.1.1) lib/active_support/tagged_logging.rb:68:in `tagged'
  railties (4.1.1) lib/rails/rack/logger.rb:20:in `call'
  actionpack (4.1.1) lib/action_dispatch/middleware/request_id.rb:21:in `call'
  rack (1.5.2) lib/rack/methodoverride.rb:21:in `call'
  rack (1.5.2) lib/rack/runtime.rb:17:in `call'
  activesupport (4.1.1) lib/active_support/cache/strategy/local_cache_middleware.rb:26:in `call'
  rack (1.5.2) lib/rack/lock.rb:17:in `call'
  actionpack (4.1.1) lib/action_dispatch/middleware/static.rb:64:in `call'
  rack (1.5.2) lib/rack/sendfile.rb:112:in `call'
  railties (4.1.1) lib/rails/engine.rb:514:in `call'
  railties (4.1.1) lib/rails/application.rb:144:in `call'
  rack (1.5.2) lib/rack/lock.rb:17:in `call'
  rack (1.5.2) lib/rack/content_length.rb:14:in `call'
  rack (1.5.2) lib/rack/handler/webrick.rb:60:in `service'
   () Users/josephnguyen/.rvm/rubies/ruby-2.1.1/lib/ruby/2.1.0/webrick/httpserver.rb:138:in `service'
   () Users/josephnguyen/.rvm/rubies/ruby-2.1.1/lib/ruby/2.1.0/webrick/httpserver.rb:94:in `run'
   () Users/josephnguyen/.rvm/rubies/ruby-2.1.1/lib/ruby/2.1.0/webrick/server.rb:295:in `block in start_thread'



Started POST "/__better_errors/2164118700/variables" for 127.0.0.1 at 2014-09-26 22:13:29 -0700


Started GET "/topics/index" for 127.0.0.1 at 2014-09-26 22:14:07 -0700

AbstractController::ActionNotFound - The action 'show' could not be found for TopicsController:
  actionpack (4.1.1) lib/abstract_controller/base.rb:131:in `process'
  actionview (4.1.1) lib/action_view/rendering.rb:30:in `process'
  actionpack (4.1.1) lib/action_controller/metal.rb:195:in `dispatch'
  actionpack (4.1.1) lib/action_controller/metal/rack_delegation.rb:13:in `dispatch'
  actionpack (4.1.1) lib/action_controller/metal.rb:231:in `block in action'
  actionpack (4.1.1) lib/action_dispatch/routing/route_set.rb:80:in `dispatch'
  actionpack (4.1.1) lib/action_dispatch/routing/route_set.rb:48:in `call'
  actionpack (4.1.1) lib/action_dispatch/journey/router.rb:71:in `block in call'
  actionpack (4.1.1) lib/action_dispatch/journey/router.rb:59:in `call'
  actionpack (4.1.1) lib/action_dispatch/routing/route_set.rb:676:in `call'
  rack (1.5.2) lib/rack/etag.rb:23:in `call'
  rack (1.5.2) lib/rack/conditionalget.rb:25:in `call'
  rack (1.5.2) lib/rack/head.rb:11:in `call'
  actionpack (4.1.1) lib/action_dispatch/middleware/params_parser.rb:27:in `call'
  actionpack (4.1.1) lib/action_dispatch/middleware/flash.rb:254:in `call'
  rack (1.5.2) lib/rack/session/abstract/id.rb:225:in `context'
  rack (1.5.2) lib/rack/session/abstract/id.rb:220:in `call'
  actionpack (4.1.1) lib/action_dispatch/middleware/cookies.rb:560:in `call'
  activerecord (4.1.1) lib/active_record/query_cache.rb:36:in `call'
  activerecord (4.1.1) lib/active_record/connection_adapters/abstract/connection_pool.rb:621:in `call'
  activerecord (4.1.1) lib/active_record/migration.rb:380:in `call'
  actionpack (4.1.1) lib/action_dispatch/middleware/callbacks.rb:29:in `block in call'
  activesupport (4.1.1) lib/active_support/callbacks.rb:82:in `run_callbacks'
  actionpack (4.1.1) lib/action_dispatch/middleware/callbacks.rb:27:in `call'
  actionpack (4.1.1) lib/action_dispatch/middleware/reloader.rb:73:in `call'
  actionpack (4.1.1) lib/action_dispatch/middleware/remote_ip.rb:76:in `call'
  better_errors (1.1.0) lib/better_errors/middleware.rb:84:in `protected_app_call'
  better_errors (1.1.0) lib/better_errors/middleware.rb:79:in `better_errors_call'
  better_errors (1.1.0) lib/better_errors/middleware.rb:56:in `call'
  actionpack (4.1.1) lib/action_dispatch/middleware/debug_exceptions.rb:17:in `call'
  actionpack (4.1.1) lib/action_dispatch/middleware/show_exceptions.rb:30:in `call'
  railties (4.1.1) lib/rails/rack/logger.rb:38:in `call_app'
  railties (4.1.1) lib/rails/rack/logger.rb:20:in `block in call'
  activesupport (4.1.1) lib/active_support/tagged_logging.rb:68:in `block in tagged'
  activesupport (4.1.1) lib/active_support/tagged_logging.rb:26:in `tagged'
  activesupport (4.1.1) lib/active_support/tagged_logging.rb:68:in `tagged'
  railties (4.1.1) lib/rails/rack/logger.rb:20:in `call'
  actionpack (4.1.1) lib/action_dispatch/middleware/request_id.rb:21:in `call'
  rack (1.5.2) lib/rack/methodoverride.rb:21:in `call'
  rack (1.5.2) lib/rack/runtime.rb:17:in `call'
  activesupport (4.1.1) lib/active_support/cache/strategy/local_cache_middleware.rb:26:in `call'
  rack (1.5.2) lib/rack/lock.rb:17:in `call'
  actionpack (4.1.1) lib/action_dispatch/middleware/static.rb:64:in `call'
  rack (1.5.2) lib/rack/sendfile.rb:112:in `call'
  railties (4.1.1) lib/rails/engine.rb:514:in `call'
  railties (4.1.1) lib/rails/application.rb:144:in `call'
  rack (1.5.2) lib/rack/lock.rb:17:in `call'
  rack (1.5.2) lib/rack/content_length.rb:14:in `call'
  rack (1.5.2) lib/rack/handler/webrick.rb:60:in `service'
   () Users/josephnguyen/.rvm/rubies/ruby-2.1.1/lib/ruby/2.1.0/webrick/httpserver.rb:138:in `service'
   () Users/josephnguyen/.rvm/rubies/ruby-2.1.1/lib/ruby/2.1.0/webrick/httpserver.rb:94:in `run'
   () Users/josephnguyen/.rvm/rubies/ruby-2.1.1/lib/ruby/2.1.0/webrick/server.rb:295:in `block in start_thread'



Started POST "/__better_errors/2199625680/variables" for 127.0.0.1 at 2014-09-26 22:14:07 -0700


Started GET "/topics/index" for 127.0.0.1 at 2014-09-26 22:16:31 -0700

AbstractController::ActionNotFound - The action 'show' could not be found for TopicsController:
  actionpack (4.1.1) lib/abstract_controller/base.rb:131:in `process'
  actionview (4.1.1) lib/action_view/rendering.rb:30:in `process'
  actionpack (4.1.1) lib/action_controller/metal.rb:195:in `dispatch'
  actionpack (4.1.1) lib/action_controller/metal/rack_delegation.rb:13:in `dispatch'
  actionpack (4.1.1) lib/action_controller/metal.rb:231:in `block in action'
  actionpack (4.1.1) lib/action_dispatch/routing/route_set.rb:80:in `dispatch'
  actionpack (4.1.1) lib/action_dispatch/routing/route_set.rb:48:in `call'
  actionpack (4.1.1) lib/action_dispatch/journey/router.rb:71:in `block in call'
  actionpack (4.1.1) lib/action_dispatch/journey/router.rb:59:in `call'
  actionpack (4.1.1) lib/action_dispatch/routing/route_set.rb:676:in `call'
  rack (1.5.2) lib/rack/etag.rb:23:in `call'
  rack (1.5.2) lib/rack/conditionalget.rb:25:in `call'
  rack (1.5.2) lib/rack/head.rb:11:in `call'
  actionpack (4.1.1) lib/action_dispatch/middleware/params_parser.rb:27:in `call'
  actionpack (4.1.1) lib/action_dispatch/middleware/flash.rb:254:in `call'
  rack (1.5.2) lib/rack/session/abstract/id.rb:225:in `context'
  rack (1.5.2) lib/rack/session/abstract/id.rb:220:in `call'
  actionpack (4.1.1) lib/action_dispatch/middleware/cookies.rb:560:in `call'
  activerecord (4.1.1) lib/active_record/query_cache.rb:36:in `call'
  activerecord (4.1.1) lib/active_record/connection_adapters/abstract/connection_pool.rb:621:in `call'
  activerecord (4.1.1) lib/active_record/migration.rb:380:in `call'
  actionpack (4.1.1) lib/action_dispatch/middleware/callbacks.rb:29:in `block in call'
  activesupport (4.1.1) lib/active_support/callbacks.rb:82:in `run_callbacks'
  actionpack (4.1.1) lib/action_dispatch/middleware/callbacks.rb:27:in `call'
  actionpack (4.1.1) lib/action_dispatch/middleware/reloader.rb:73:in `call'
  actionpack (4.1.1) lib/action_dispatch/middleware/remote_ip.rb:76:in `call'
  better_errors (1.1.0) lib/better_errors/middleware.rb:84:in `protected_app_call'
  better_errors (1.1.0) lib/better_errors/middleware.rb:79:in `better_errors_call'
  better_errors (1.1.0) lib/better_errors/middleware.rb:56:in `call'
  actionpack (4.1.1) lib/action_dispatch/middleware/debug_exceptions.rb:17:in `call'
  actionpack (4.1.1) lib/action_dispatch/middleware/show_exceptions.rb:30:in `call'
  railties (4.1.1) lib/rails/rack/logger.rb:38:in `call_app'
  railties (4.1.1) lib/rails/rack/logger.rb:20:in `block in call'
  activesupport (4.1.1) lib/active_support/tagged_logging.rb:68:in `block in tagged'
  activesupport (4.1.1) lib/active_support/tagged_logging.rb:26:in `tagged'
  activesupport (4.1.1) lib/active_support/tagged_logging.rb:68:in `tagged'
  railties (4.1.1) lib/rails/rack/logger.rb:20:in `call'
  actionpack (4.1.1) lib/action_dispatch/middleware/request_id.rb:21:in `call'
  rack (1.5.2) lib/rack/methodoverride.rb:21:in `call'
  rack (1.5.2) lib/rack/runtime.rb:17:in `call'
  activesupport (4.1.1) lib/active_support/cache/strategy/local_cache_middleware.rb:26:in `call'
  rack (1.5.2) lib/rack/lock.rb:17:in `call'
  actionpack (4.1.1) lib/action_dispatch/middleware/static.rb:64:in `call'
  rack (1.5.2) lib/rack/sendfile.rb:112:in `call'
  railties (4.1.1) lib/rails/engine.rb:514:in `call'
  railties (4.1.1) lib/rails/application.rb:144:in `call'
  rack (1.5.2) lib/rack/lock.rb:17:in `call'
  rack (1.5.2) lib/rack/content_length.rb:14:in `call'
  rack (1.5.2) lib/rack/handler/webrick.rb:60:in `service'
   () Users/josephnguyen/.rvm/rubies/ruby-2.1.1/lib/ruby/2.1.0/webrick/httpserver.rb:138:in `service'
   () Users/josephnguyen/.rvm/rubies/ruby-2.1.1/lib/ruby/2.1.0/webrick/httpserver.rb:94:in `run'
   () Users/josephnguyen/.rvm/rubies/ruby-2.1.1/lib/ruby/2.1.0/webrick/server.rb:295:in `block in start_thread'



Started POST "/__better_errors/2198213880/variables" for 127.0.0.1 at 2014-09-26 22:16:31 -0700


Started GET "/topics/" for 127.0.0.1 at 2014-09-26 22:16:39 -0700
Processing by TopicsController#index as HTML
  [1m[35mTopic Load (0.8ms)[0m  SELECT "topics".* FROM "topics"
  Rendered topics/index.html.erb within layouts/application (10.1ms)
Completed 200 OK in 673ms (Views: 666.2ms | ActiveRecord: 4.2ms)


Started GET "/assets/topics.css?body=1" for 127.0.0.1 at 2014-09-26 22:16:40 -0700


Started GET "/assets/jquery.js?body=1" for 127.0.0.1 at 2014-09-26 22:16:40 -0700


Started GET "/assets/topics.js?body=1" for 127.0.0.1 at 2014-09-26 22:16:40 -0700


Started GET "/assets/turbolinks.js?body=1" for 127.0.0.1 at 2014-09-26 22:16:40 -0700


Started GET "/assets/application.css?body=1" for 127.0.0.1 at 2014-09-26 22:16:40 -0700


Started GET "/assets/application.js?body=1" for 127.0.0.1 at 2014-09-26 22:16:40 -0700


Started GET "/assets/jquery_ujs.js?body=1" for 127.0.0.1 at 2014-09-26 22:16:40 -0700


Started GET "/topics/" for 127.0.0.1 at 2014-09-26 22:16:52 -0700
Processing by TopicsController#index as HTML
  [1m[36mTopic Load (0.5ms)[0m  [1mSELECT "topics".* FROM "topics"[0m
  Rendered topics/index.html.erb within layouts/application (1.9ms)
Completed 200 OK in 61ms (Views: 60.1ms | ActiveRecord: 0.5ms)


Started GET "/assets/topics.css?body=1" for 127.0.0.1 at 2014-09-26 22:16:52 -0700


Started GET "/assets/turbolinks.js?body=1" for 127.0.0.1 at 2014-09-26 22:16:52 -0700


Started GET "/assets/topics.js?body=1" for 127.0.0.1 at 2014-09-26 22:16:52 -0700


Started GET "/assets/jquery_ujs.js?body=1" for 127.0.0.1 at 2014-09-26 22:16:52 -0700


Started GET "/assets/jquery.js?body=1" for 127.0.0.1 at 2014-09-26 22:16:52 -0700


Started GET "/assets/application.css?body=1" for 127.0.0.1 at 2014-09-26 22:16:52 -0700


Started GET "/assets/application.js?body=1" for 127.0.0.1 at 2014-09-26 22:16:52 -0700


Started GET "/topics/" for 127.0.0.1 at 2014-09-26 22:27:27 -0700
Processing by TopicsController#index as HTML
Redirected to http://localhost:3000/topics
Completed 302 Found in 2ms (ActiveRecord: 0.0ms)


Started GET "/topics" for 127.0.0.1 at 2014-09-26 22:27:27 -0700
Processing by TopicsController#index as HTML
Redirected to http://localhost:3000/topics
Completed 302 Found in 1ms (ActiveRecord: 0.0ms)


Started GET "/topics" for 127.0.0.1 at 2014-09-26 22:27:27 -0700
Processing by TopicsController#index as HTML
Redirected to http://localhost:3000/topics
Completed 302 Found in 1ms (ActiveRecord: 0.0ms)


Started GET "/topics" for 127.0.0.1 at 2014-09-26 22:27:27 -0700
Processing by TopicsController#index as HTML
Redirected to http://localhost:3000/topics
Completed 302 Found in 1ms (ActiveRecord: 0.0ms)


Started GET "/topics" for 127.0.0.1 at 2014-09-26 22:27:27 -0700
Processing by TopicsController#index as HTML
Redirected to http://localhost:3000/topics
Completed 302 Found in 1ms (ActiveRecord: 0.0ms)


Started GET "/topics" for 127.0.0.1 at 2014-09-26 22:27:27 -0700
Processing by TopicsController#index as HTML
Redirected to http://localhost:3000/topics
Completed 302 Found in 1ms (ActiveRecord: 0.0ms)


Started GET "/topics" for 127.0.0.1 at 2014-09-26 22:27:27 -0700
Processing by TopicsController#index as HTML
Redirected to http://localhost:3000/topics
Completed 302 Found in 1ms (ActiveRecord: 0.0ms)


Started GET "/topics" for 127.0.0.1 at 2014-09-26 22:27:27 -0700
Processing by TopicsController#index as HTML
Redirected to http://localhost:3000/topics
Completed 302 Found in 1ms (ActiveRecord: 0.0ms)


Started GET "/topics" for 127.0.0.1 at 2014-09-26 22:27:27 -0700
Processing by TopicsController#index as HTML
Redirected to http://localhost:3000/topics
Completed 302 Found in 1ms (ActiveRecord: 0.0ms)


Started GET "/topics" for 127.0.0.1 at 2014-09-26 22:27:27 -0700
Processing by TopicsController#index as HTML
Redirected to http://localhost:3000/topics
Completed 302 Found in 1ms (ActiveRecord: 0.0ms)


Started GET "/topics" for 127.0.0.1 at 2014-09-26 22:27:27 -0700
Processing by TopicsController#index as HTML
Redirected to http://localhost:3000/topics
Completed 302 Found in 1ms (ActiveRecord: 0.0ms)


Started GET "/topics" for 127.0.0.1 at 2014-09-26 22:27:27 -0700
Processing by TopicsController#index as HTML
Redirected to http://localhost:3000/topics
Completed 302 Found in 1ms (ActiveRecord: 0.0ms)


Started GET "/topics" for 127.0.0.1 at 2014-09-26 22:27:27 -0700
Processing by TopicsController#index as HTML
Redirected to http://localhost:3000/topics
Completed 302 Found in 1ms (ActiveRecord: 0.0ms)


Started GET "/topics" for 127.0.0.1 at 2014-09-26 22:27:27 -0700
Processing by TopicsController#index as HTML
Redirected to http://localhost:3000/topics
Completed 302 Found in 1ms (ActiveRecord: 0.0ms)


Started GET "/topics" for 127.0.0.1 at 2014-09-26 22:27:27 -0700
Processing by TopicsController#index as HTML
Redirected to http://localhost:3000/topics
Completed 302 Found in 1ms (ActiveRecord: 0.0ms)


Started GET "/topics" for 127.0.0.1 at 2014-09-26 22:27:27 -0700
Processing by TopicsController#index as HTML
Redirected to http://localhost:3000/topics
Completed 302 Found in 1ms (ActiveRecord: 0.0ms)


Started GET "/topics" for 127.0.0.1 at 2014-09-26 22:27:27 -0700
Processing by TopicsController#index as HTML
Redirected to http://localhost:3000/topics
Completed 302 Found in 1ms (ActiveRecord: 0.0ms)


Started GET "/topics" for 127.0.0.1 at 2014-09-26 22:27:27 -0700
Processing by TopicsController#index as HTML
Redirected to http://localhost:3000/topics
Completed 302 Found in 1ms (ActiveRecord: 0.0ms)


Started GET "/topics" for 127.0.0.1 at 2014-09-26 22:27:27 -0700
Processing by TopicsController#index as HTML
Redirected to http://localhost:3000/topics
Completed 302 Found in 1ms (ActiveRecord: 0.0ms)


Started GET "/topics" for 127.0.0.1 at 2014-09-26 22:27:27 -0700
Processing by TopicsController#index as HTML
Redirected to http://localhost:3000/topics
Completed 302 Found in 1ms (ActiveRecord: 0.0ms)


Started GET "/topics" for 127.0.0.1 at 2014-09-26 22:27:27 -0700
Processing by TopicsController#index as HTML
Redirected to http://localhost:3000/topics
Completed 302 Found in 1ms (ActiveRecord: 0.0ms)


Started GET "/topics" for 127.0.0.1 at 2014-09-26 22:27:27 -0700
Processing by TopicsController#index as HTML
Redirected to http://localhost:3000/topics
Completed 302 Found in 1ms (ActiveRecord: 0.0ms)


Started GET "/topics" for 127.0.0.1 at 2014-09-26 22:27:27 -0700
Processing by TopicsController#index as HTML
Redirected to http://localhost:3000/topics
Completed 302 Found in 1ms (ActiveRecord: 0.0ms)


Started GET "/topics" for 127.0.0.1 at 2014-09-26 22:27:27 -0700
Processing by TopicsController#index as HTML
Redirected to http://localhost:3000/topics
Completed 302 Found in 1ms (ActiveRecord: 0.0ms)


Started GET "/topics" for 127.0.0.1 at 2014-09-26 22:27:27 -0700
Processing by TopicsController#index as HTML
Redirected to http://localhost:3000/topics
Completed 302 Found in 1ms (ActiveRecord: 0.0ms)


Started GET "/topics" for 127.0.0.1 at 2014-09-26 22:27:27 -0700
Processing by TopicsController#index as HTML
Redirected to http://localhost:3000/topics
Completed 302 Found in 1ms (ActiveRecord: 0.0ms)


Started GET "/topics" for 127.0.0.1 at 2014-09-26 22:27:28 -0700
Processing by TopicsController#index as HTML
Redirected to http://localhost:3000/topics
Completed 302 Found in 1ms (ActiveRecord: 0.0ms)


Started GET "/topics" for 127.0.0.1 at 2014-09-26 22:27:28 -0700
Processing by TopicsController#index as HTML
Redirected to http://localhost:3000/topics
Completed 302 Found in 1ms (ActiveRecord: 0.0ms)


Started GET "/topics" for 127.0.0.1 at 2014-09-26 22:27:28 -0700
Processing by TopicsController#index as HTML
Redirected to http://localhost:3000/topics
Completed 302 Found in 1ms (ActiveRecord: 0.0ms)


Started GET "/topics" for 127.0.0.1 at 2014-09-26 22:27:28 -0700
Processing by TopicsController#index as HTML
Redirected to http://localhost:3000/topics
Completed 302 Found in 1ms (ActiveRecord: 0.0ms)


Started GET "/topics" for 127.0.0.1 at 2014-09-26 22:27:28 -0700
Processing by TopicsController#index as HTML
Redirected to http://localhost:3000/topics
Completed 302 Found in 1ms (ActiveRecord: 0.0ms)


Started GET "/topics" for 127.0.0.1 at 2014-09-26 22:27:28 -0700
Processing by TopicsController#index as HTML
Redirected to http://localhost:3000/topics
Completed 302 Found in 1ms (ActiveRecord: 0.0ms)


Started GET "/topics" for 127.0.0.1 at 2014-09-26 22:27:28 -0700
Processing by TopicsController#index as HTML
Redirected to http://localhost:3000/topics
Completed 302 Found in 1ms (ActiveRecord: 0.0ms)


Started GET "/topics" for 127.0.0.1 at 2014-09-26 22:27:28 -0700
Processing by TopicsController#index as HTML
Redirected to http://localhost:3000/topics
Completed 302 Found in 1ms (ActiveRecord: 0.0ms)


Started GET "/topics" for 127.0.0.1 at 2014-09-26 22:27:28 -0700
Processing by TopicsController#index as HTML
Redirected to http://localhost:3000/topics
Completed 302 Found in 1ms (ActiveRecord: 0.0ms)


Started GET "/topics" for 127.0.0.1 at 2014-09-26 22:27:28 -0700
Processing by TopicsController#index as HTML
Redirected to http://localhost:3000/topics
Completed 302 Found in 1ms (ActiveRecord: 0.0ms)


Started GET "/topics" for 127.0.0.1 at 2014-09-26 22:27:28 -0700
Processing by TopicsController#index as HTML
Redirected to http://localhost:3000/topics
Completed 302 Found in 1ms (ActiveRecord: 0.0ms)


Started GET "/topics" for 127.0.0.1 at 2014-09-26 22:27:28 -0700
Processing by TopicsController#index as HTML
Redirected to http://localhost:3000/topics
Completed 302 Found in 1ms (ActiveRecord: 0.0ms)


Started GET "/topics" for 127.0.0.1 at 2014-09-26 22:27:28 -0700
Processing by TopicsController#index as HTML
Redirected to http://localhost:3000/topics
Completed 302 Found in 1ms (ActiveRecord: 0.0ms)


Started GET "/topics" for 127.0.0.1 at 2014-09-26 22:27:28 -0700
Processing by TopicsController#index as HTML
Redirected to http://localhost:3000/topics
Completed 302 Found in 1ms (ActiveRecord: 0.0ms)


Started GET "/topics" for 127.0.0.1 at 2014-09-26 22:27:28 -0700
Processing by TopicsController#index as HTML
Redirected to http://localhost:3000/topics
Completed 302 Found in 1ms (ActiveRecord: 0.0ms)


Started GET "/topics" for 127.0.0.1 at 2014-09-26 22:27:28 -0700
Processing by TopicsController#index as HTML
Redirected to http://localhost:3000/topics
Completed 302 Found in 1ms (ActiveRecord: 0.0ms)


Started GET "/topics" for 127.0.0.1 at 2014-09-26 22:27:33 -0700
Processing by TopicsController#index as HTML
  [1m[35mTopic Load (1.7ms)[0m  SELECT "topics".* FROM "topics"
  Rendered topics/index.html.erb within layouts/application (11.6ms)
Completed 200 OK in 71ms (Views: 62.0ms | ActiveRecord: 5.0ms)


Started GET "/assets/topics.css?body=1" for 127.0.0.1 at 2014-09-26 22:27:33 -0700


Started GET "/assets/application.css?body=1" for 127.0.0.1 at 2014-09-26 22:27:33 -0700


Started GET "/assets/jquery.js?body=1" for 127.0.0.1 at 2014-09-26 22:27:33 -0700


Started GET "/assets/turbolinks.js?body=1" for 127.0.0.1 at 2014-09-26 22:27:33 -0700


Started GET "/assets/topics.js?body=1" for 127.0.0.1 at 2014-09-26 22:27:33 -0700


Started GET "/assets/jquery_ujs.js?body=1" for 127.0.0.1 at 2014-09-26 22:27:33 -0700


Started GET "/assets/application.js?body=1" for 127.0.0.1 at 2014-09-26 22:27:33 -0700


Started GET "/topics" for 127.0.0.1 at 2014-09-26 22:27:33 -0700
Processing by TopicsController#index as HTML
  [1m[36mTopic Load (0.4ms)[0m  [1mSELECT "topics".* FROM "topics"[0m
  Rendered topics/index.html.erb within layouts/application (1.0ms)
Completed 200 OK in 43ms (Views: 42.2ms | ActiveRecord: 0.4ms)


Started GET "/assets/topics.css?body=1" for 127.0.0.1 at 2014-09-26 22:27:33 -0700


Started GET "/assets/topics.js?body=1" for 127.0.0.1 at 2014-09-26 22:27:33 -0700


Started GET "/assets/jquery.js?body=1" for 127.0.0.1 at 2014-09-26 22:27:33 -0700


Started GET "/assets/jquery_ujs.js?body=1" for 127.0.0.1 at 2014-09-26 22:27:33 -0700


Started GET "/assets/application.css?body=1" for 127.0.0.1 at 2014-09-26 22:27:33 -0700


Started GET "/assets/turbolinks.js?body=1" for 127.0.0.1 at 2014-09-26 22:27:33 -0700


Started GET "/assets/application.js?body=1" for 127.0.0.1 at 2014-09-26 22:27:33 -0700


Started GET "/topics.js" for 127.0.0.1 at 2014-09-26 22:27:37 -0700
Processing by TopicsController#index as JS
  [1m[35mTopic Load (0.4ms)[0m  SELECT "topics".* FROM "topics"
  Rendered topics/index.html.erb (1.6ms)
Security warning: an embedded <script> tag on another site requested protected JavaScript. If you know what you're doing, go ahead and disable forgery protection on this action to permit cross-origin JavaScript embedding.
Completed 500 Internal Server Error in 6ms

ActionController::InvalidCrossOriginRequest - Security warning: an embedded <script> tag on another site requested protected JavaScript. If you know what you're doing, go ahead and disable forgery protection on this action to permit cross-origin JavaScript embedding.:
  actionpack (4.1.1) lib/action_controller/metal/request_forgery_protection.rb:217:in `verify_same_origin_request'
  activesupport (4.1.1) lib/active_support/callbacks.rb:424:in `block in make_lambda'
  activesupport (4.1.1) lib/active_support/callbacks.rb:231:in `block in halting'
  activesupport (4.1.1) lib/active_support/callbacks.rb:229:in `block in halting'
  activesupport (4.1.1) lib/active_support/callbacks.rb:166:in `block in halting'
  activesupport (4.1.1) lib/active_support/callbacks.rb:166:in `block in halting'
  activesupport (4.1.1) lib/active_support/callbacks.rb:166:in `block in halting'
  activesupport (4.1.1) lib/active_support/callbacks.rb:86:in `run_callbacks'
  actionpack (4.1.1) lib/abstract_controller/callbacks.rb:19:in `process_action'
  actionpack (4.1.1) lib/action_controller/metal/rescue.rb:29:in `process_action'
  actionpack (4.1.1) lib/action_controller/metal/instrumentation.rb:31:in `block in process_action'
  activesupport (4.1.1) lib/active_support/notifications.rb:159:in `block in instrument'
  activesupport (4.1.1) lib/active_support/notifications/instrumenter.rb:20:in `instrument'
  activesupport (4.1.1) lib/active_support/notifications.rb:159:in `instrument'
  actionpack (4.1.1) lib/action_controller/metal/instrumentation.rb:30:in `process_action'
  actionpack (4.1.1) lib/action_controller/metal/params_wrapper.rb:250:in `process_action'
  activerecord (4.1.1) lib/active_record/railties/controller_runtime.rb:18:in `process_action'
  actionpack (4.1.1) lib/abstract_controller/base.rb:136:in `process'
  actionview (4.1.1) lib/action_view/rendering.rb:30:in `process'
  actionpack (4.1.1) lib/action_controller/metal.rb:195:in `dispatch'
  actionpack (4.1.1) lib/action_controller/metal/rack_delegation.rb:13:in `dispatch'
  actionpack (4.1.1) lib/action_controller/metal.rb:231:in `block in action'
  actionpack (4.1.1) lib/action_dispatch/routing/route_set.rb:80:in `dispatch'
  actionpack (4.1.1) lib/action_dispatch/routing/route_set.rb:48:in `call'
  actionpack (4.1.1) lib/action_dispatch/journey/router.rb:71:in `block in call'
  actionpack (4.1.1) lib/action_dispatch/journey/router.rb:59:in `call'
  actionpack (4.1.1) lib/action_dispatch/routing/route_set.rb:676:in `call'
  rack (1.5.2) lib/rack/etag.rb:23:in `call'
  rack (1.5.2) lib/rack/conditionalget.rb:25:in `call'
  rack (1.5.2) lib/rack/head.rb:11:in `call'
  actionpack (4.1.1) lib/action_dispatch/middleware/params_parser.rb:27:in `call'
  actionpack (4.1.1) lib/action_dispatch/middleware/flash.rb:254:in `call'
  rack (1.5.2) lib/rack/session/abstract/id.rb:225:in `context'
  rack (1.5.2) lib/rack/session/abstract/id.rb:220:in `call'
  actionpack (4.1.1) lib/action_dispatch/middleware/cookies.rb:560:in `call'
  activerecord (4.1.1) lib/active_record/query_cache.rb:36:in `call'
  activerecord (4.1.1) lib/active_record/connection_adapters/abstract/connection_pool.rb:621:in `call'
  activerecord (4.1.1) lib/active_record/migration.rb:380:in `call'
  actionpack (4.1.1) lib/action_dispatch/middleware/callbacks.rb:29:in `block in call'
  activesupport (4.1.1) lib/active_support/callbacks.rb:82:in `run_callbacks'
  actionpack (4.1.1) lib/action_dispatch/middleware/callbacks.rb:27:in `call'
  actionpack (4.1.1) lib/action_dispatch/middleware/reloader.rb:73:in `call'
  actionpack (4.1.1) lib/action_dispatch/middleware/remote_ip.rb:76:in `call'
  better_errors (1.1.0) lib/better_errors/middleware.rb:84:in `protected_app_call'
  better_errors (1.1.0) lib/better_errors/middleware.rb:79:in `better_errors_call'
  better_errors (1.1.0) lib/better_errors/middleware.rb:56:in `call'
  actionpack (4.1.1) lib/action_dispatch/middleware/debug_exceptions.rb:17:in `call'
  actionpack (4.1.1) lib/action_dispatch/middleware/show_exceptions.rb:30:in `call'
  railties (4.1.1) lib/rails/rack/logger.rb:38:in `call_app'
  railties (4.1.1) lib/rails/rack/logger.rb:20:in `block in call'
  activesupport (4.1.1) lib/active_support/tagged_logging.rb:68:in `block in tagged'
  activesupport (4.1.1) lib/active_support/tagged_logging.rb:26:in `tagged'
  activesupport (4.1.1) lib/active_support/tagged_logging.rb:68:in `tagged'
  railties (4.1.1) lib/rails/rack/logger.rb:20:in `call'
  actionpack (4.1.1) lib/action_dispatch/middleware/request_id.rb:21:in `call'
  rack (1.5.2) lib/rack/methodoverride.rb:21:in `call'
  rack (1.5.2) lib/rack/runtime.rb:17:in `call'
  activesupport (4.1.1) lib/active_support/cache/strategy/local_cache_middleware.rb:26:in `call'
  rack (1.5.2) lib/rack/lock.rb:17:in `call'
  actionpack (4.1.1) lib/action_dispatch/middleware/static.rb:64:in `call'
  rack (1.5.2) lib/rack/sendfile.rb:112:in `call'
  railties (4.1.1) lib/rails/engine.rb:514:in `call'
  railties (4.1.1) lib/rails/application.rb:144:in `call'
  rack (1.5.2) lib/rack/lock.rb:17:in `call'
  rack (1.5.2) lib/rack/content_length.rb:14:in `call'
  rack (1.5.2) lib/rack/handler/webrick.rb:60:in `service'
   () Users/josephnguyen/.rvm/rubies/ruby-2.1.1/lib/ruby/2.1.0/webrick/httpserver.rb:138:in `service'
   () Users/josephnguyen/.rvm/rubies/ruby-2.1.1/lib/ruby/2.1.0/webrick/httpserver.rb:94:in `run'
   () Users/josephnguyen/.rvm/rubies/ruby-2.1.1/lib/ruby/2.1.0/webrick/server.rb:295:in `block in start_thread'



Started POST "/__better_errors/2160308060/variables" for 127.0.0.1 at 2014-09-26 22:27:37 -0700


Started GET "/topics.js" for 127.0.0.1 at 2014-09-26 22:29:27 -0700
Processing by TopicsController#index as JS
Completed 406 Not Acceptable in 2ms

ActionController::UnknownFormat - ActionController::UnknownFormat:
  actionpack (4.1.1) lib/action_controller/metal/mime_responds.rb:440:in `retrieve_collector_from_mimes'
  actionpack (4.1.1) lib/action_controller/metal/mime_responds.rb:256:in `respond_to'
   () Users/josephnguyen/HugeFan/app/controllers/topics_controller.rb:6:in `index'
  actionpack (4.1.1) lib/action_controller/metal/implicit_render.rb:4:in `send_action'
  actionpack (4.1.1) lib/abstract_controller/base.rb:189:in `process_action'
  actionpack (4.1.1) lib/action_controller/metal/rendering.rb:10:in `process_action'
  actionpack (4.1.1) lib/abstract_controller/callbacks.rb:20:in `block in process_action'
  activesupport (4.1.1) lib/active_support/callbacks.rb:113:in `call'
  activesupport (4.1.1) lib/active_support/callbacks.rb:229:in `block in halting'
  activesupport (4.1.1) lib/active_support/callbacks.rb:229:in `block in halting'
  activesupport (4.1.1) lib/active_support/callbacks.rb:166:in `block in halting'
  activesupport (4.1.1) lib/active_support/callbacks.rb:166:in `block in halting'
  activesupport (4.1.1) lib/active_support/callbacks.rb:166:in `block in halting'
  activesupport (4.1.1) lib/active_support/callbacks.rb:86:in `run_callbacks'
  actionpack (4.1.1) lib/abstract_controller/callbacks.rb:19:in `process_action'
  actionpack (4.1.1) lib/action_controller/metal/rescue.rb:29:in `process_action'
  actionpack (4.1.1) lib/action_controller/metal/instrumentation.rb:31:in `block in process_action'
  activesupport (4.1.1) lib/active_support/notifications.rb:159:in `block in instrument'
  activesupport (4.1.1) lib/active_support/notifications/instrumenter.rb:20:in `instrument'
  activesupport (4.1.1) lib/active_support/notifications.rb:159:in `instrument'
  actionpack (4.1.1) lib/action_controller/metal/instrumentation.rb:30:in `process_action'
  actionpack (4.1.1) lib/action_controller/metal/params_wrapper.rb:250:in `process_action'
  activerecord (4.1.1) lib/active_record/railties/controller_runtime.rb:18:in `process_action'
  actionpack (4.1.1) lib/abstract_controller/base.rb:136:in `process'
  actionview (4.1.1) lib/action_view/rendering.rb:30:in `process'
  actionpack (4.1.1) lib/action_controller/metal.rb:195:in `dispatch'
  actionpack (4.1.1) lib/action_controller/metal/rack_delegation.rb:13:in `dispatch'
  actionpack (4.1.1) lib/action_controller/metal.rb:231:in `block in action'
  actionpack (4.1.1) lib/action_dispatch/routing/route_set.rb:80:in `dispatch'
  actionpack (4.1.1) lib/action_dispatch/routing/route_set.rb:48:in `call'
  actionpack (4.1.1) lib/action_dispatch/journey/router.rb:71:in `block in call'
  actionpack (4.1.1) lib/action_dispatch/journey/router.rb:59:in `call'
  actionpack (4.1.1) lib/action_dispatch/routing/route_set.rb:676:in `call'
  rack (1.5.2) lib/rack/etag.rb:23:in `call'
  rack (1.5.2) lib/rack/conditionalget.rb:25:in `call'
  rack (1.5.2) lib/rack/head.rb:11:in `call'
  actionpack (4.1.1) lib/action_dispatch/middleware/params_parser.rb:27:in `call'
  actionpack (4.1.1) lib/action_dispatch/middleware/flash.rb:254:in `call'
  rack (1.5.2) lib/rack/session/abstract/id.rb:225:in `context'
  rack (1.5.2) lib/rack/session/abstract/id.rb:220:in `call'
  actionpack (4.1.1) lib/action_dispatch/middleware/cookies.rb:560:in `call'
  activerecord (4.1.1) lib/active_record/query_cache.rb:36:in `call'
  activerecord (4.1.1) lib/active_record/connection_adapters/abstract/connection_pool.rb:621:in `call'
  activerecord (4.1.1) lib/active_record/migration.rb:380:in `call'
  actionpack (4.1.1) lib/action_dispatch/middleware/callbacks.rb:29:in `block in call'
  activesupport (4.1.1) lib/active_support/callbacks.rb:82:in `run_callbacks'
  actionpack (4.1.1) lib/action_dispatch/middleware/callbacks.rb:27:in `call'
  actionpack (4.1.1) lib/action_dispatch/middleware/reloader.rb:73:in `call'
  actionpack (4.1.1) lib/action_dispatch/middleware/remote_ip.rb:76:in `call'
  better_errors (1.1.0) lib/better_errors/middleware.rb:84:in `protected_app_call'
  better_errors (1.1.0) lib/better_errors/middleware.rb:79:in `better_errors_call'
  better_errors (1.1.0) lib/better_errors/middleware.rb:56:in `call'
  actionpack (4.1.1) lib/action_dispatch/middleware/debug_exceptions.rb:17:in `call'
  actionpack (4.1.1) lib/action_dispatch/middleware/show_exceptions.rb:30:in `call'
  railties (4.1.1) lib/rails/rack/logger.rb:38:in `call_app'
  railties (4.1.1) lib/rails/rack/logger.rb:20:in `block in call'
  activesupport (4.1.1) lib/active_support/tagged_logging.rb:68:in `block in tagged'
  activesupport (4.1.1) lib/active_support/tagged_logging.rb:26:in `tagged'
  activesupport (4.1.1) lib/active_support/tagged_logging.rb:68:in `tagged'
  railties (4.1.1) lib/rails/rack/logger.rb:20:in `call'
  actionpack (4.1.1) lib/action_dispatch/middleware/request_id.rb:21:in `call'
  rack (1.5.2) lib/rack/methodoverride.rb:21:in `call'
  rack (1.5.2) lib/rack/runtime.rb:17:in `call'
  activesupport (4.1.1) lib/active_support/cache/strategy/local_cache_middleware.rb:26:in `call'
  rack (1.5.2) lib/rack/lock.rb:17:in `call'
  actionpack (4.1.1) lib/action_dispatch/middleware/static.rb:64:in `call'
  rack (1.5.2) lib/rack/sendfile.rb:112:in `call'
  railties (4.1.1) lib/rails/engine.rb:514:in `call'
  railties (4.1.1) lib/rails/application.rb:144:in `call'
  rack (1.5.2) lib/rack/lock.rb:17:in `call'
  rack (1.5.2) lib/rack/content_length.rb:14:in `call'
  rack (1.5.2) lib/rack/handler/webrick.rb:60:in `service'
   () Users/josephnguyen/.rvm/rubies/ruby-2.1.1/lib/ruby/2.1.0/webrick/httpserver.rb:138:in `service'
   () Users/josephnguyen/.rvm/rubies/ruby-2.1.1/lib/ruby/2.1.0/webrick/httpserver.rb:94:in `run'
   () Users/josephnguyen/.rvm/rubies/ruby-2.1.1/lib/ruby/2.1.0/webrick/server.rb:295:in `block in start_thread'



Started POST "/__better_errors/2199356560/variables" for 127.0.0.1 at 2014-09-26 22:29:27 -0700
  [1m[36mTopic Load (0.3ms)[0m  [1mSELECT "topics".* FROM "topics"[0m


Started GET "/topics.json" for 127.0.0.1 at 2014-09-26 22:29:29 -0700
Processing by TopicsController#index as JSON
  [1m[35mTopic Load (0.5ms)[0m  SELECT "topics".* FROM "topics"
Completed 200 OK in 7ms (Views: 5.5ms | ActiveRecord: 0.5ms)


Started GET "/topics.html" for 127.0.0.1 at 2014-09-26 22:30:18 -0700
Processing by TopicsController#index as HTML
  [1m[36mTopic Load (0.8ms)[0m  [1mSELECT "topics".* FROM "topics"[0m
  Rendered topics/index.html.erb within layouts/application (1.7ms)
Completed 200 OK in 47ms (Views: 45.7ms | ActiveRecord: 0.8ms)


Started GET "/assets/topics.css?body=1" for 127.0.0.1 at 2014-09-26 22:30:18 -0700


Started GET "/assets/jquery.js?body=1" for 127.0.0.1 at 2014-09-26 22:30:18 -0700


Started GET "/assets/jquery_ujs.js?body=1" for 127.0.0.1 at 2014-09-26 22:30:18 -0700


Started GET "/assets/turbolinks.js?body=1" for 127.0.0.1 at 2014-09-26 22:30:18 -0700


Started GET "/assets/application.css?body=1" for 127.0.0.1 at 2014-09-26 22:30:18 -0700


Started GET "/assets/application.js?body=1" for 127.0.0.1 at 2014-09-26 22:30:18 -0700


Started GET "/assets/topics.js?body=1" for 127.0.0.1 at 2014-09-26 22:30:18 -0700


Started GET "/topics.json" for 127.0.0.1 at 2014-09-26 22:30:25 -0700
Processing by TopicsController#index as JSON
  [1m[35mTopic Load (0.4ms)[0m  SELECT "topics".* FROM "topics"
Completed 200 OK in 2ms (Views: 1.0ms | ActiveRecord: 0.4ms)


Started GET "/" for 127.0.0.1 at 2014-09-26 22:34:50 -0700
  [1m[36mActiveRecord::SchemaMigration Load (0.8ms)[0m  [1mSELECT "schema_migrations".* FROM "schema_migrations"[0m
Processing by Rails::WelcomeController#index as HTML
  Rendered /Users/josephnguyen/.rvm/gems/ruby-2.1.1/gems/railties-4.1.1/lib/rails/templates/rails/welcome/index.html.erb (1.7ms)
Completed 200 OK in 19ms (Views: 7.7ms | ActiveRecord: 0.0ms)


Started GET "/" for 127.0.0.1 at 2014-09-26 22:34:50 -0700
Processing by Rails::WelcomeController#index as HTML
  Rendered /Users/josephnguyen/.rvm/gems/ruby-2.1.1/gems/railties-4.1.1/lib/rails/templates/rails/welcome/index.html.erb (0.0ms)
Completed 200 OK in 1ms (Views: 0.9ms | ActiveRecord: 0.0ms)


Started GET "/topics.json" for 127.0.0.1 at 2014-09-26 22:34:54 -0700
Processing by TopicsController#index as JSON
  [1m[35mTopic Load (1.0ms)[0m  SELECT "topics".* FROM "topics"
Completed 200 OK in 12ms (Views: 5.2ms | ActiveRecord: 3.8ms)


Started GET "/topics.html" for 127.0.0.1 at 2014-09-26 22:34:58 -0700
Processing by TopicsController#index as HTML
  [1m[36mTopic Load (0.4ms)[0m  [1mSELECT "topics".* FROM "topics"[0m
  Rendered topics/index.html.erb within layouts/application (1.8ms)
Completed 200 OK in 74ms (Views: 72.5ms | ActiveRecord: 0.4ms)


Started GET "/assets/topics.css?body=1" for 127.0.0.1 at 2014-09-26 22:34:58 -0700


Started GET "/assets/jquery.js?body=1" for 127.0.0.1 at 2014-09-26 22:34:58 -0700


Started GET "/assets/application.css?body=1" for 127.0.0.1 at 2014-09-26 22:34:58 -0700


Started GET "/assets/turbolinks.js?body=1" for 127.0.0.1 at 2014-09-26 22:34:58 -0700


Started GET "/assets/jquery_ujs.js?body=1" for 127.0.0.1 at 2014-09-26 22:34:58 -0700


Started GET "/assets/application.js?body=1" for 127.0.0.1 at 2014-09-26 22:34:58 -0700


Started GET "/assets/topics.js?body=1" for 127.0.0.1 at 2014-09-26 22:34:58 -0700


Started GET "/topics.html" for 127.0.0.1 at 2014-09-26 22:35:37 -0700

SyntaxError - /Users/josephnguyen/HugeFan/app/controllers/application_controller.rb:6: unknown regexp options - ap:
  activesupport (4.1.1) lib/active_support/dependencies.rb:443:in `'
  activesupport (4.1.1) lib/active_support/dependencies.rb:443:in `block in load_file'
  activesupport (4.1.1) lib/active_support/dependencies.rb:633:in `new_constants_in'
  activesupport (4.1.1) lib/active_support/dependencies.rb:442:in `load_file'
  activesupport (4.1.1) lib/active_support/dependencies.rb:342:in `require_or_load'
  activesupport (4.1.1) lib/active_support/dependencies.rb:480:in `load_missing_constant'
  activesupport (4.1.1) lib/active_support/dependencies.rb:180:in `const_missing'
   () Users/josephnguyen/HugeFan/app/controllers/topics_controller.rb:1:in `<top (required)>'
  activesupport (4.1.1) lib/active_support/dependencies.rb:443:in `block in load_file'
  activesupport (4.1.1) lib/active_support/dependencies.rb:633:in `new_constants_in'
  activesupport (4.1.1) lib/active_support/dependencies.rb:442:in `load_file'
  activesupport (4.1.1) lib/active_support/dependencies.rb:342:in `require_or_load'
  activesupport (4.1.1) lib/active_support/dependencies.rb:480:in `load_missing_constant'
  activesupport (4.1.1) lib/active_support/dependencies.rb:180:in `const_missing'
  activesupport (4.1.1) lib/active_support/inflector/methods.rb:238:in `block in constantize'
  activesupport (4.1.1) lib/active_support/inflector/methods.rb:236:in `constantize'
  activesupport (4.1.1) lib/active_support/dependencies.rb:552:in `get'
  activesupport (4.1.1) lib/active_support/dependencies.rb:583:in `constantize'
  actionpack (4.1.1) lib/action_dispatch/routing/route_set.rb:76:in `controller_reference'
  actionpack (4.1.1) lib/action_dispatch/routing/route_set.rb:66:in `controller'
  actionpack (4.1.1) lib/action_dispatch/routing/route_set.rb:44:in `call'
  actionpack (4.1.1) lib/action_dispatch/journey/router.rb:71:in `block in call'
  actionpack (4.1.1) lib/action_dispatch/journey/router.rb:59:in `call'
  actionpack (4.1.1) lib/action_dispatch/routing/route_set.rb:676:in `call'
  rack (1.5.2) lib/rack/etag.rb:23:in `call'
  rack (1.5.2) lib/rack/conditionalget.rb:25:in `call'
  rack (1.5.2) lib/rack/head.rb:11:in `call'
  actionpack (4.1.1) lib/action_dispatch/middleware/params_parser.rb:27:in `call'
  actionpack (4.1.1) lib/action_dispatch/middleware/flash.rb:254:in `call'
  rack (1.5.2) lib/rack/session/abstract/id.rb:225:in `context'
  rack (1.5.2) lib/rack/session/abstract/id.rb:220:in `call'
  actionpack (4.1.1) lib/action_dispatch/middleware/cookies.rb:560:in `call'
  activerecord (4.1.1) lib/active_record/query_cache.rb:36:in `call'
  activerecord (4.1.1) lib/active_record/connection_adapters/abstract/connection_pool.rb:621:in `call'
  activerecord (4.1.1) lib/active_record/migration.rb:380:in `call'
  actionpack (4.1.1) lib/action_dispatch/middleware/callbacks.rb:29:in `block in call'
  activesupport (4.1.1) lib/active_support/callbacks.rb:82:in `run_callbacks'
  actionpack (4.1.1) lib/action_dispatch/middleware/callbacks.rb:27:in `call'
  actionpack (4.1.1) lib/action_dispatch/middleware/reloader.rb:73:in `call'
  actionpack (4.1.1) lib/action_dispatch/middleware/remote_ip.rb:76:in `call'
  better_errors (1.1.0) lib/better_errors/middleware.rb:84:in `protected_app_call'
  better_errors (1.1.0) lib/better_errors/middleware.rb:79:in `better_errors_call'
  better_errors (1.1.0) lib/better_errors/middleware.rb:56:in `call'
  actionpack (4.1.1) lib/action_dispatch/middleware/debug_exceptions.rb:17:in `call'
  actionpack (4.1.1) lib/action_dispatch/middleware/show_exceptions.rb:30:in `call'
  railties (4.1.1) lib/rails/rack/logger.rb:38:in `call_app'
  railties (4.1.1) lib/rails/rack/logger.rb:20:in `block in call'
  activesupport (4.1.1) lib/active_support/tagged_logging.rb:68:in `block in tagged'
  activesupport (4.1.1) lib/active_support/tagged_logging.rb:26:in `tagged'
  activesupport (4.1.1) lib/active_support/tagged_logging.rb:68:in `tagged'
  railties (4.1.1) lib/rails/rack/logger.rb:20:in `call'
  actionpack (4.1.1) lib/action_dispatch/middleware/request_id.rb:21:in `call'
  rack (1.5.2) lib/rack/methodoverride.rb:21:in `call'
  rack (1.5.2) lib/rack/runtime.rb:17:in `call'
  activesupport (4.1.1) lib/active_support/cache/strategy/local_cache_middleware.rb:26:in `call'
  rack (1.5.2) lib/rack/lock.rb:17:in `call'
  actionpack (4.1.1) lib/action_dispatch/middleware/static.rb:64:in `call'
  rack (1.5.2) lib/rack/sendfile.rb:112:in `call'
  railties (4.1.1) lib/rails/engine.rb:514:in `call'
  railties (4.1.1) lib/rails/application.rb:144:in `call'
  rack (1.5.2) lib/rack/lock.rb:17:in `call'
  rack (1.5.2) lib/rack/content_length.rb:14:in `call'
  rack (1.5.2) lib/rack/handler/webrick.rb:60:in `service'
   () Users/josephnguyen/.rvm/rubies/ruby-2.1.1/lib/ruby/2.1.0/webrick/httpserver.rb:138:in `service'
   () Users/josephnguyen/.rvm/rubies/ruby-2.1.1/lib/ruby/2.1.0/webrick/httpserver.rb:94:in `run'
   () Users/josephnguyen/.rvm/rubies/ruby-2.1.1/lib/ruby/2.1.0/webrick/server.rb:295:in `block in start_thread'



Started POST "/__better_errors/2163959280/variables" for 127.0.0.1 at 2014-09-26 22:35:37 -0700


Started GET "/topics.html" for 127.0.0.1 at 2014-09-26 22:35:55 -0700

ActionController::RoutingError - undefined local variable or method `api' for ApplicationController:Class:
  actionpack (4.1.1) lib/action_dispatch/routing/route_set.rb:69:in `rescue in controller'
  actionpack (4.1.1) lib/action_dispatch/routing/route_set.rb:64:in `controller'
  actionpack (4.1.1) lib/action_dispatch/routing/route_set.rb:44:in `call'
  actionpack (4.1.1) lib/action_dispatch/journey/router.rb:71:in `block in call'
  actionpack (4.1.1) lib/action_dispatch/journey/router.rb:59:in `call'
  actionpack (4.1.1) lib/action_dispatch/routing/route_set.rb:676:in `call'
  rack (1.5.2) lib/rack/etag.rb:23:in `call'
  rack (1.5.2) lib/rack/conditionalget.rb:25:in `call'
  rack (1.5.2) lib/rack/head.rb:11:in `call'
  actionpack (4.1.1) lib/action_dispatch/middleware/params_parser.rb:27:in `call'
  actionpack (4.1.1) lib/action_dispatch/middleware/flash.rb:254:in `call'
  rack (1.5.2) lib/rack/session/abstract/id.rb:225:in `context'
  rack (1.5.2) lib/rack/session/abstract/id.rb:220:in `call'
  actionpack (4.1.1) lib/action_dispatch/middleware/cookies.rb:560:in `call'
  activerecord (4.1.1) lib/active_record/query_cache.rb:36:in `call'
  activerecord (4.1.1) lib/active_record/connection_adapters/abstract/connection_pool.rb:621:in `call'
  activerecord (4.1.1) lib/active_record/migration.rb:380:in `call'
  actionpack (4.1.1) lib/action_dispatch/middleware/callbacks.rb:29:in `block in call'
  activesupport (4.1.1) lib/active_support/callbacks.rb:82:in `run_callbacks'
  actionpack (4.1.1) lib/action_dispatch/middleware/callbacks.rb:27:in `call'
  actionpack (4.1.1) lib/action_dispatch/middleware/reloader.rb:73:in `call'
  actionpack (4.1.1) lib/action_dispatch/middleware/remote_ip.rb:76:in `call'
  better_errors (1.1.0) lib/better_errors/middleware.rb:84:in `protected_app_call'
  better_errors (1.1.0) lib/better_errors/middleware.rb:79:in `better_errors_call'
  better_errors (1.1.0) lib/better_errors/middleware.rb:56:in `call'
  actionpack (4.1.1) lib/action_dispatch/middleware/debug_exceptions.rb:17:in `call'
  actionpack (4.1.1) lib/action_dispatch/middleware/show_exceptions.rb:30:in `call'
  railties (4.1.1) lib/rails/rack/logger.rb:38:in `call_app'
  railties (4.1.1) lib/rails/rack/logger.rb:20:in `block in call'
  activesupport (4.1.1) lib/active_support/tagged_logging.rb:68:in `block in tagged'
  activesupport (4.1.1) lib/active_support/tagged_logging.rb:26:in `tagged'
  activesupport (4.1.1) lib/active_support/tagged_logging.rb:68:in `tagged'
  railties (4.1.1) lib/rails/rack/logger.rb:20:in `call'
  actionpack (4.1.1) lib/action_dispatch/middleware/request_id.rb:21:in `call'
  rack (1.5.2) lib/rack/methodoverride.rb:21:in `call'
  rack (1.5.2) lib/rack/runtime.rb:17:in `call'
  activesupport (4.1.1) lib/active_support/cache/strategy/local_cache_middleware.rb:26:in `call'
  rack (1.5.2) lib/rack/lock.rb:17:in `call'
  actionpack (4.1.1) lib/action_dispatch/middleware/static.rb:64:in `call'
  rack (1.5.2) lib/rack/sendfile.rb:112:in `call'
  railties (4.1.1) lib/rails/engine.rb:514:in `call'
  railties (4.1.1) lib/rails/application.rb:144:in `call'
  rack (1.5.2) lib/rack/lock.rb:17:in `call'
  rack (1.5.2) lib/rack/content_length.rb:14:in `call'
  rack (1.5.2) lib/rack/handler/webrick.rb:60:in `service'
   () Users/josephnguyen/.rvm/rubies/ruby-2.1.1/lib/ruby/2.1.0/webrick/httpserver.rb:138:in `service'
   () Users/josephnguyen/.rvm/rubies/ruby-2.1.1/lib/ruby/2.1.0/webrick/httpserver.rb:94:in `run'
   () Users/josephnguyen/.rvm/rubies/ruby-2.1.1/lib/ruby/2.1.0/webrick/server.rb:295:in `block in start_thread'



Started POST "/__better_errors/2200464160/variables" for 127.0.0.1 at 2014-09-26 22:35:55 -0700


Started GET "/" for 127.0.0.1 at 2014-09-26 22:36:05 -0700
Processing by Rails::WelcomeController#index as HTML
  Rendered /Users/josephnguyen/.rvm/gems/ruby-2.1.1/gems/railties-4.1.1/lib/rails/templates/rails/welcome/index.html.erb (0.1ms)
Completed 200 OK in 2ms (Views: 1.1ms | ActiveRecord: 0.0ms)


Started GET "/topics.html" for 127.0.0.1 at 2014-09-26 22:36:09 -0700

ActionController::RoutingError - undefined local variable or method `api' for ApplicationController:Class:
  actionpack (4.1.1) lib/action_dispatch/routing/route_set.rb:69:in `rescue in controller'
  actionpack (4.1.1) lib/action_dispatch/routing/route_set.rb:64:in `controller'
  actionpack (4.1.1) lib/action_dispatch/routing/route_set.rb:44:in `call'
  actionpack (4.1.1) lib/action_dispatch/journey/router.rb:71:in `block in call'
  actionpack (4.1.1) lib/action_dispatch/journey/router.rb:59:in `call'
  actionpack (4.1.1) lib/action_dispatch/routing/route_set.rb:676:in `call'
  rack (1.5.2) lib/rack/etag.rb:23:in `call'
  rack (1.5.2) lib/rack/conditionalget.rb:25:in `call'
  rack (1.5.2) lib/rack/head.rb:11:in `call'
  actionpack (4.1.1) lib/action_dispatch/middleware/params_parser.rb:27:in `call'
  actionpack (4.1.1) lib/action_dispatch/middleware/flash.rb:254:in `call'
  rack (1.5.2) lib/rack/session/abstract/id.rb:225:in `context'
  rack (1.5.2) lib/rack/session/abstract/id.rb:220:in `call'
  actionpack (4.1.1) lib/action_dispatch/middleware/cookies.rb:560:in `call'
  activerecord (4.1.1) lib/active_record/query_cache.rb:36:in `call'
  activerecord (4.1.1) lib/active_record/connection_adapters/abstract/connection_pool.rb:621:in `call'
  activerecord (4.1.1) lib/active_record/migration.rb:380:in `call'
  actionpack (4.1.1) lib/action_dispatch/middleware/callbacks.rb:29:in `block in call'
  activesupport (4.1.1) lib/active_support/callbacks.rb:82:in `run_callbacks'
  actionpack (4.1.1) lib/action_dispatch/middleware/callbacks.rb:27:in `call'
  actionpack (4.1.1) lib/action_dispatch/middleware/reloader.rb:73:in `call'
  actionpack (4.1.1) lib/action_dispatch/middleware/remote_ip.rb:76:in `call'
  better_errors (1.1.0) lib/better_errors/middleware.rb:84:in `protected_app_call'
  better_errors (1.1.0) lib/better_errors/middleware.rb:79:in `better_errors_call'
  better_errors (1.1.0) lib/better_errors/middleware.rb:56:in `call'
  actionpack (4.1.1) lib/action_dispatch/middleware/debug_exceptions.rb:17:in `call'
  actionpack (4.1.1) lib/action_dispatch/middleware/show_exceptions.rb:30:in `call'
  railties (4.1.1) lib/rails/rack/logger.rb:38:in `call_app'
  railties (4.1.1) lib/rails/rack/logger.rb:20:in `block in call'
  activesupport (4.1.1) lib/active_support/tagged_logging.rb:68:in `block in tagged'
  activesupport (4.1.1) lib/active_support/tagged_logging.rb:26:in `tagged'
  activesupport (4.1.1) lib/active_support/tagged_logging.rb:68:in `tagged'
  railties (4.1.1) lib/rails/rack/logger.rb:20:in `call'
  actionpack (4.1.1) lib/action_dispatch/middleware/request_id.rb:21:in `call'
  rack (1.5.2) lib/rack/methodoverride.rb:21:in `call'
  rack (1.5.2) lib/rack/runtime.rb:17:in `call'
  activesupport (4.1.1) lib/active_support/cache/strategy/local_cache_middleware.rb:26:in `call'
  rack (1.5.2) lib/rack/lock.rb:17:in `call'
  actionpack (4.1.1) lib/action_dispatch/middleware/static.rb:64:in `call'
  rack (1.5.2) lib/rack/sendfile.rb:112:in `call'
  railties (4.1.1) lib/rails/engine.rb:514:in `call'
  railties (4.1.1) lib/rails/application.rb:144:in `call'
  rack (1.5.2) lib/rack/lock.rb:17:in `call'
  rack (1.5.2) lib/rack/content_length.rb:14:in `call'
  rack (1.5.2) lib/rack/handler/webrick.rb:60:in `service'
   () Users/josephnguyen/.rvm/rubies/ruby-2.1.1/lib/ruby/2.1.0/webrick/httpserver.rb:138:in `service'
   () Users/josephnguyen/.rvm/rubies/ruby-2.1.1/lib/ruby/2.1.0/webrick/httpserver.rb:94:in `run'
   () Users/josephnguyen/.rvm/rubies/ruby-2.1.1/lib/ruby/2.1.0/webrick/server.rb:295:in `block in start_thread'



Started POST "/__better_errors/2198770940/variables" for 127.0.0.1 at 2014-09-26 22:36:09 -0700


Started GET "/topics.html" for 127.0.0.1 at 2014-09-26 22:37:47 -0700
Processing by TopicsController#index as HTML
  [1m[35mTopic Load (0.9ms)[0m  SELECT "topics".* FROM "topics"
  Rendered topics/index.html.erb within layouts/application (8.6ms)
Completed 200 OK in 50ms (Views: 43.6ms | ActiveRecord: 4.7ms)


Started GET "/assets/topics.css?body=1" for 127.0.0.1 at 2014-09-26 22:37:47 -0700


Started GET "/assets/application.css?body=1" for 127.0.0.1 at 2014-09-26 22:37:47 -0700


Started GET "/assets/jquery_ujs.js?body=1" for 127.0.0.1 at 2014-09-26 22:37:47 -0700


Started GET "/assets/jquery.js?body=1" for 127.0.0.1 at 2014-09-26 22:37:47 -0700


Started GET "/assets/topics.js?body=1" for 127.0.0.1 at 2014-09-26 22:37:47 -0700


Started GET "/assets/application.js?body=1" for 127.0.0.1 at 2014-09-26 22:37:47 -0700


Started GET "/assets/turbolinks.js?body=1" for 127.0.0.1 at 2014-09-26 22:37:47 -0700


Started GET "/topics.html" for 127.0.0.1 at 2014-09-26 22:41:10 -0700
Processing by TopicsController#index as HTML
  [1m[36mTopic Load (0.5ms)[0m  [1mSELECT "topics".* FROM "topics"[0m
  Rendered topics/index.html.erb within layouts/application (1.3ms)
Completed 200 OK in 51ms (Views: 50.1ms | ActiveRecord: 0.5ms)


Started GET "/assets/turbolinks.js?body=1" for 127.0.0.1 at 2014-09-26 22:41:10 -0700


Started GET "/assets/application.css?body=1" for 127.0.0.1 at 2014-09-26 22:41:10 -0700


Started GET "/assets/topics.css?body=1" for 127.0.0.1 at 2014-09-26 22:41:10 -0700


Started GET "/assets/jquery_ujs.js?body=1" for 127.0.0.1 at 2014-09-26 22:41:10 -0700


Started GET "/assets/jquery.js?body=1" for 127.0.0.1 at 2014-09-26 22:41:10 -0700


Started GET "/assets/topics.js?body=1" for 127.0.0.1 at 2014-09-26 22:41:10 -0700


Started GET "/assets/application.js?body=1" for 127.0.0.1 at 2014-09-26 22:41:10 -0700


Started GET "/" for 127.0.0.1 at 2014-09-26 22:49:41 -0700
Processing by StaticController#index as HTML
  Rendered static/index.html.erb within layouts/application (0.4ms)
Completed 200 OK in 265ms (Views: 264.8ms | ActiveRecord: 0.0ms)


Started GET "/assets/application.css?body=1" for 127.0.0.1 at 2014-09-26 22:49:41 -0700


Started GET "/assets/jquery_ujs.js?body=1" for 127.0.0.1 at 2014-09-26 22:49:41 -0700


Started GET "/assets/topics.css?body=1" for 127.0.0.1 at 2014-09-26 22:49:41 -0700


Started GET "/assets/static.js?body=1" for 127.0.0.1 at 2014-09-26 22:49:41 -0700


Started GET "/assets/jquery.js?body=1" for 127.0.0.1 at 2014-09-26 22:49:41 -0700


Started GET "/assets/static.css?body=1" for 127.0.0.1 at 2014-09-26 22:49:41 -0700


Started GET "/assets/turbolinks.js?body=1" for 127.0.0.1 at 2014-09-26 22:49:41 -0700


Started GET "/assets/topics.js?body=1" for 127.0.0.1 at 2014-09-26 22:49:41 -0700


Started GET "/assets/application.js?body=1" for 127.0.0.1 at 2014-09-26 22:49:41 -0700


Started GET "/" for 127.0.0.1 at 2014-09-26 23:06:20 -0700
  [1m[36mActiveRecord::SchemaMigration Load (0.4ms)[0m  [1mSELECT "schema_migrations".* FROM "schema_migrations"[0m
Processing by StaticController#index as HTML
  Rendered static/index.html.erb within layouts/application (0.9ms)
Completed 200 OK in 91ms (Views: 84.0ms | ActiveRecord: 0.0ms)


Started GET "/assets/static.css?body=1" for 127.0.0.1 at 2014-09-26 23:06:20 -0700


Started GET "/assets/topics.css?body=1" for 127.0.0.1 at 2014-09-26 23:06:20 -0700


Started GET "/assets/application.css?body=1" for 127.0.0.1 at 2014-09-26 23:06:20 -0700


Started GET "/assets/jquery.js?body=1" for 127.0.0.1 at 2014-09-26 23:06:20 -0700


Started GET "/assets/jquery_ujs.js?body=1" for 127.0.0.1 at 2014-09-26 23:06:20 -0700


Started GET "/assets/turbolinks.js?body=1" for 127.0.0.1 at 2014-09-26 23:06:20 -0700


Started GET "/assets/static.js?body=1" for 127.0.0.1 at 2014-09-26 23:06:20 -0700


Started GET "/assets/topics.js?body=1" for 127.0.0.1 at 2014-09-26 23:06:20 -0700


Started GET "/assets/application.js?body=1" for 127.0.0.1 at 2014-09-26 23:06:20 -0700


Started GET "/" for 127.0.0.1 at 2014-09-26 23:08:23 -0700
Processing by StaticController#index as HTML
  Rendered static/index.html.erb within layouts/application (0.3ms)
Completed 200 OK in 72ms (Views: 71.6ms | ActiveRecord: 0.0ms)


Started GET "/assets/static.css?body=1" for 127.0.0.1 at 2014-09-26 23:08:23 -0700


Started GET "/assets/jquery.js?body=1" for 127.0.0.1 at 2014-09-26 23:08:23 -0700


Started GET "/assets/application.css?body=1" for 127.0.0.1 at 2014-09-26 23:08:23 -0700


Started GET "/assets/topics.css?body=1" for 127.0.0.1 at 2014-09-26 23:08:23 -0700


Started GET "/assets/jquery_ujs.js?body=1" for 127.0.0.1 at 2014-09-26 23:08:23 -0700


Started GET "/assets/static.js?body=1" for 127.0.0.1 at 2014-09-26 23:08:23 -0700


Started GET "/assets/turbolinks.js?body=1" for 127.0.0.1 at 2014-09-26 23:08:23 -0700


Started GET "/assets/topics.js?body=1" for 127.0.0.1 at 2014-09-26 23:08:23 -0700


Started GET "/assets/application.js?body=1" for 127.0.0.1 at 2014-09-26 23:08:23 -0700


Started GET "/normalize.css" for 127.0.0.1 at 2014-09-26 23:08:23 -0700

ActionController::RoutingError (No route matches [GET] "/normalize.css"):
  actionpack (4.1.1) lib/action_dispatch/middleware/debug_exceptions.rb:21:in `call'
  actionpack (4.1.1) lib/action_dispatch/middleware/show_exceptions.rb:30:in `call'
  railties (4.1.1) lib/rails/rack/logger.rb:38:in `call_app'
  railties (4.1.1) lib/rails/rack/logger.rb:20:in `block in call'
  activesupport (4.1.1) lib/active_support/tagged_logging.rb:68:in `block in tagged'
  activesupport (4.1.1) lib/active_support/tagged_logging.rb:26:in `tagged'
  activesupport (4.1.1) lib/active_support/tagged_logging.rb:68:in `tagged'
  railties (4.1.1) lib/rails/rack/logger.rb:20:in `call'
  actionpack (4.1.1) lib/action_dispatch/middleware/request_id.rb:21:in `call'
  rack (1.5.2) lib/rack/methodoverride.rb:21:in `call'
  rack (1.5.2) lib/rack/runtime.rb:17:in `call'
  activesupport (4.1.1) lib/active_support/cache/strategy/local_cache_middleware.rb:26:in `call'
  rack (1.5.2) lib/rack/lock.rb:17:in `call'
  actionpack (4.1.1) lib/action_dispatch/middleware/static.rb:64:in `call'
  rack (1.5.2) lib/rack/sendfile.rb:112:in `call'
  railties (4.1.1) lib/rails/engine.rb:514:in `call'
  railties (4.1.1) lib/rails/application.rb:144:in `call'
  rack (1.5.2) lib/rack/lock.rb:17:in `call'
  rack (1.5.2) lib/rack/content_length.rb:14:in `call'
  rack (1.5.2) lib/rack/handler/webrick.rb:60:in `service'
  /Users/danielchen/.rbenv/versions/2.1.1/lib/ruby/2.1.0/webrick/httpserver.rb:138:in `service'
  /Users/danielchen/.rbenv/versions/2.1.1/lib/ruby/2.1.0/webrick/httpserver.rb:94:in `run'
  /Users/danielchen/.rbenv/versions/2.1.1/lib/ruby/2.1.0/webrick/server.rb:295:in `block in start_thread'


  Rendered /Users/danielchen/.rbenv/versions/2.1.1/lib/ruby/gems/2.1.0/gems/actionpack-4.1.1/lib/action_dispatch/middleware/templates/rescues/_trace.html.erb (1.0ms)
  Rendered /Users/danielchen/.rbenv/versions/2.1.1/lib/ruby/gems/2.1.0/gems/actionpack-4.1.1/lib/action_dispatch/middleware/templates/routes/_route.html.erb (1.3ms)
  Rendered /Users/danielchen/.rbenv/versions/2.1.1/lib/ruby/gems/2.1.0/gems/actionpack-4.1.1/lib/action_dispatch/middleware/templates/routes/_table.html.erb (6.6ms)
  Rendered /Users/danielchen/.rbenv/versions/2.1.1/lib/ruby/gems/2.1.0/gems/actionpack-4.1.1/lib/action_dispatch/middleware/templates/rescues/routing_error.html.erb within rescues/layout (29.2ms)


Started GET "/" for 127.0.0.1 at 2014-09-26 23:08:23 -0700
Processing by StaticController#index as */*
  Rendered static/index.html.erb within layouts/application (0.4ms)
Completed 200 OK in 53ms (Views: 52.6ms | ActiveRecord: 0.0ms)


Started GET "/" for 127.0.0.1 at 2014-09-26 23:08:55 -0700
Processing by StaticController#index as HTML
  Rendered static/index.html.erb within layouts/application (0.4ms)
Completed 200 OK in 59ms (Views: 58.7ms | ActiveRecord: 0.0ms)


Started GET "/assets/static.css?body=1" for 127.0.0.1 at 2014-09-26 23:08:56 -0700


Started GET "/assets/topics.css?body=1" for 127.0.0.1 at 2014-09-26 23:08:56 -0700


Started GET "/assets/jquery.js?body=1" for 127.0.0.1 at 2014-09-26 23:08:56 -0700


Started GET "/assets/application.css?body=1" for 127.0.0.1 at 2014-09-26 23:08:56 -0700


Started GET "/assets/jquery_ujs.js?body=1" for 127.0.0.1 at 2014-09-26 23:08:56 -0700


Started GET "/assets/static.js?body=1" for 127.0.0.1 at 2014-09-26 23:08:56 -0700


Started GET "/assets/turbolinks.js?body=1" for 127.0.0.1 at 2014-09-26 23:08:56 -0700


Started GET "/assets/topics.js?body=1" for 127.0.0.1 at 2014-09-26 23:08:56 -0700


Started GET "/assets/application.js?body=1" for 127.0.0.1 at 2014-09-26 23:08:56 -0700


Started GET "/normalize.css" for 127.0.0.1 at 2014-09-26 23:08:56 -0700

ActionController::RoutingError (No route matches [GET] "/normalize.css"):
  actionpack (4.1.1) lib/action_dispatch/middleware/debug_exceptions.rb:21:in `call'
  actionpack (4.1.1) lib/action_dispatch/middleware/show_exceptions.rb:30:in `call'
  railties (4.1.1) lib/rails/rack/logger.rb:38:in `call_app'
  railties (4.1.1) lib/rails/rack/logger.rb:20:in `block in call'
  activesupport (4.1.1) lib/active_support/tagged_logging.rb:68:in `block in tagged'
  activesupport (4.1.1) lib/active_support/tagged_logging.rb:26:in `tagged'
  activesupport (4.1.1) lib/active_support/tagged_logging.rb:68:in `tagged'
  railties (4.1.1) lib/rails/rack/logger.rb:20:in `call'
  actionpack (4.1.1) lib/action_dispatch/middleware/request_id.rb:21:in `call'
  rack (1.5.2) lib/rack/methodoverride.rb:21:in `call'
  rack (1.5.2) lib/rack/runtime.rb:17:in `call'
  activesupport (4.1.1) lib/active_support/cache/strategy/local_cache_middleware.rb:26:in `call'
  rack (1.5.2) lib/rack/lock.rb:17:in `call'
  actionpack (4.1.1) lib/action_dispatch/middleware/static.rb:64:in `call'
  rack (1.5.2) lib/rack/sendfile.rb:112:in `call'
  railties (4.1.1) lib/rails/engine.rb:514:in `call'
  railties (4.1.1) lib/rails/application.rb:144:in `call'
  rack (1.5.2) lib/rack/lock.rb:17:in `call'
  rack (1.5.2) lib/rack/content_length.rb:14:in `call'
  rack (1.5.2) lib/rack/handler/webrick.rb:60:in `service'
  /Users/danielchen/.rbenv/versions/2.1.1/lib/ruby/2.1.0/webrick/httpserver.rb:138:in `service'
  /Users/danielchen/.rbenv/versions/2.1.1/lib/ruby/2.1.0/webrick/httpserver.rb:94:in `run'
  /Users/danielchen/.rbenv/versions/2.1.1/lib/ruby/2.1.0/webrick/server.rb:295:in `block in start_thread'


  Rendered /Users/danielchen/.rbenv/versions/2.1.1/lib/ruby/gems/2.1.0/gems/actionpack-4.1.1/lib/action_dispatch/middleware/templates/rescues/_trace.html.erb (0.8ms)
  Rendered /Users/danielchen/.rbenv/versions/2.1.1/lib/ruby/gems/2.1.0/gems/actionpack-4.1.1/lib/action_dispatch/middleware/templates/routes/_route.html.erb (1.4ms)
  Rendered /Users/danielchen/.rbenv/versions/2.1.1/lib/ruby/gems/2.1.0/gems/actionpack-4.1.1/lib/action_dispatch/middleware/templates/routes/_table.html.erb (1.2ms)
  Rendered /Users/danielchen/.rbenv/versions/2.1.1/lib/ruby/gems/2.1.0/gems/actionpack-4.1.1/lib/action_dispatch/middleware/templates/rescues/routing_error.html.erb within rescues/layout (16.5ms)


Started GET "/" for 127.0.0.1 at 2014-09-26 23:08:56 -0700
Processing by StaticController#index as */*
  Rendered static/index.html.erb within layouts/application (0.4ms)
Completed 200 OK in 55ms (Views: 54.2ms | ActiveRecord: 0.0ms)


Started GET "/" for 127.0.0.1 at 2014-09-26 23:10:08 -0700
Processing by StaticController#index as HTML
  Rendered static/index.html.erb within layouts/application (0.1ms)
Completed 200 OK in 52ms (Views: 51.8ms | ActiveRecord: 0.0ms)


Started GET "/assets/static.css?body=1" for 127.0.0.1 at 2014-09-26 23:10:08 -0700


Started GET "/assets/topics.css?body=1" for 127.0.0.1 at 2014-09-26 23:10:08 -0700


Started GET "/assets/application.css?body=1" for 127.0.0.1 at 2014-09-26 23:10:08 -0700


Started GET "/assets/jquery_ujs.js?body=1" for 127.0.0.1 at 2014-09-26 23:10:08 -0700


Started GET "/assets/jquery.js?body=1" for 127.0.0.1 at 2014-09-26 23:10:08 -0700


Started GET "/assets/turbolinks.js?body=1" for 127.0.0.1 at 2014-09-26 23:10:08 -0700


Started GET "/assets/static.js?body=1" for 127.0.0.1 at 2014-09-26 23:10:08 -0700


Started GET "/assets/topics.js?body=1" for 127.0.0.1 at 2014-09-26 23:10:08 -0700


Started GET "/assets/application.js?body=1" for 127.0.0.1 at 2014-09-26 23:10:08 -0700


Started GET "/normalize.css" for 127.0.0.1 at 2014-09-26 23:10:08 -0700

ActionController::RoutingError (No route matches [GET] "/normalize.css"):
  actionpack (4.1.1) lib/action_dispatch/middleware/debug_exceptions.rb:21:in `call'
  actionpack (4.1.1) lib/action_dispatch/middleware/show_exceptions.rb:30:in `call'
  railties (4.1.1) lib/rails/rack/logger.rb:38:in `call_app'
  railties (4.1.1) lib/rails/rack/logger.rb:20:in `block in call'
  activesupport (4.1.1) lib/active_support/tagged_logging.rb:68:in `block in tagged'
  activesupport (4.1.1) lib/active_support/tagged_logging.rb:26:in `tagged'
  activesupport (4.1.1) lib/active_support/tagged_logging.rb:68:in `tagged'
  railties (4.1.1) lib/rails/rack/logger.rb:20:in `call'
  actionpack (4.1.1) lib/action_dispatch/middleware/request_id.rb:21:in `call'
  rack (1.5.2) lib/rack/methodoverride.rb:21:in `call'
  rack (1.5.2) lib/rack/runtime.rb:17:in `call'
  activesupport (4.1.1) lib/active_support/cache/strategy/local_cache_middleware.rb:26:in `call'
  rack (1.5.2) lib/rack/lock.rb:17:in `call'
  actionpack (4.1.1) lib/action_dispatch/middleware/static.rb:64:in `call'
  rack (1.5.2) lib/rack/sendfile.rb:112:in `call'
  railties (4.1.1) lib/rails/engine.rb:514:in `call'
  railties (4.1.1) lib/rails/application.rb:144:in `call'
  rack (1.5.2) lib/rack/lock.rb:17:in `call'
  rack (1.5.2) lib/rack/content_length.rb:14:in `call'
  rack (1.5.2) lib/rack/handler/webrick.rb:60:in `service'
  /Users/danielchen/.rbenv/versions/2.1.1/lib/ruby/2.1.0/webrick/httpserver.rb:138:in `service'
  /Users/danielchen/.rbenv/versions/2.1.1/lib/ruby/2.1.0/webrick/httpserver.rb:94:in `run'
  /Users/danielchen/.rbenv/versions/2.1.1/lib/ruby/2.1.0/webrick/server.rb:295:in `block in start_thread'


  Rendered /Users/danielchen/.rbenv/versions/2.1.1/lib/ruby/gems/2.1.0/gems/actionpack-4.1.1/lib/action_dispatch/middleware/templates/rescues/_trace.html.erb (1.3ms)
  Rendered /Users/danielchen/.rbenv/versions/2.1.1/lib/ruby/gems/2.1.0/gems/actionpack-4.1.1/lib/action_dispatch/middleware/templates/routes/_route.html.erb (1.1ms)
  Rendered /Users/danielchen/.rbenv/versions/2.1.1/lib/ruby/gems/2.1.0/gems/actionpack-4.1.1/lib/action_dispatch/middleware/templates/routes/_table.html.erb (0.8ms)
  Rendered /Users/danielchen/.rbenv/versions/2.1.1/lib/ruby/gems/2.1.0/gems/actionpack-4.1.1/lib/action_dispatch/middleware/templates/rescues/routing_error.html.erb within rescues/layout (16.4ms)


Started GET "/" for 127.0.0.1 at 2014-09-26 23:10:08 -0700
Processing by StaticController#index as */*
  Rendered static/index.html.erb within layouts/application (0.1ms)
Completed 200 OK in 54ms (Views: 53.4ms | ActiveRecord: 0.0ms)


Started GET "/" for 127.0.0.1 at 2014-09-26 23:11:16 -0700
Processing by StaticController#index as HTML
  Rendered static/index.html.erb within layouts/application (0.4ms)
Completed 200 OK in 62ms (Views: 61.2ms | ActiveRecord: 0.0ms)


Started GET "/assets/static.css?body=1" for 127.0.0.1 at 2014-09-26 23:11:16 -0700


Started GET "/assets/topics.css?body=1" for 127.0.0.1 at 2014-09-26 23:11:16 -0700


Started GET "/assets/application.css?body=1" for 127.0.0.1 at 2014-09-26 23:11:16 -0700


Started GET "/assets/jquery.js?body=1" for 127.0.0.1 at 2014-09-26 23:11:16 -0700


Started GET "/assets/jquery_ujs.js?body=1" for 127.0.0.1 at 2014-09-26 23:11:16 -0700


Started GET "/assets/turbolinks.js?body=1" for 127.0.0.1 at 2014-09-26 23:11:16 -0700


Started GET "/assets/static.js?body=1" for 127.0.0.1 at 2014-09-26 23:11:16 -0700


Started GET "/assets/topics.js?body=1" for 127.0.0.1 at 2014-09-26 23:11:16 -0700


Started GET "/assets/application.js?body=1" for 127.0.0.1 at 2014-09-26 23:11:16 -0700


Started GET "/" for 127.0.0.1 at 2014-09-26 23:11:16 -0700
Processing by StaticController#index as */*
  Rendered static/index.html.erb within layouts/application (0.3ms)
Completed 200 OK in 49ms (Views: 48.7ms | ActiveRecord: 0.0ms)


Started GET "/" for 127.0.0.1 at 2014-09-26 23:11:17 -0700
Processing by StaticController#index as HTML
  Rendered static/index.html.erb within layouts/application (0.0ms)
Completed 200 OK in 56ms (Views: 55.2ms | ActiveRecord: 0.0ms)


Started GET "/assets/static.css?body=1" for 127.0.0.1 at 2014-09-26 23:11:17 -0700


Started GET "/assets/application.css?body=1" for 127.0.0.1 at 2014-09-26 23:11:17 -0700


Started GET "/assets/topics.css?body=1" for 127.0.0.1 at 2014-09-26 23:11:17 -0700


Started GET "/assets/jquery.js?body=1" for 127.0.0.1 at 2014-09-26 23:11:17 -0700


Started GET "/assets/jquery_ujs.js?body=1" for 127.0.0.1 at 2014-09-26 23:11:17 -0700


Started GET "/assets/turbolinks.js?body=1" for 127.0.0.1 at 2014-09-26 23:11:17 -0700


Started GET "/assets/static.js?body=1" for 127.0.0.1 at 2014-09-26 23:11:17 -0700


Started GET "/assets/topics.js?body=1" for 127.0.0.1 at 2014-09-26 23:11:17 -0700


Started GET "/assets/application.js?body=1" for 127.0.0.1 at 2014-09-26 23:11:17 -0700


Started GET "/" for 127.0.0.1 at 2014-09-26 23:11:17 -0700
Processing by StaticController#index as */*
  Rendered static/index.html.erb within layouts/application (0.0ms)
Completed 200 OK in 49ms (Views: 48.1ms | ActiveRecord: 0.0ms)


Started GET "/" for 127.0.0.1 at 2014-09-26 23:11:59 -0700
Processing by StaticController#index as HTML
  Rendered static/index.html.erb within layouts/application (0.0ms)
Completed 200 OK in 55ms (Views: 54.3ms | ActiveRecord: 0.0ms)


Started GET "/assets/static.css?body=1" for 127.0.0.1 at 2014-09-26 23:11:59 -0700


Started GET "/assets/topics.css?body=1" for 127.0.0.1 at 2014-09-26 23:11:59 -0700


Started GET "/assets/jquery.js?body=1" for 127.0.0.1 at 2014-09-26 23:11:59 -0700


Started GET "/assets/application.css?body=1" for 127.0.0.1 at 2014-09-26 23:11:59 -0700


Started GET "/assets/jquery_ujs.js?body=1" for 127.0.0.1 at 2014-09-26 23:11:59 -0700


Started GET "/assets/turbolinks.js?body=1" for 127.0.0.1 at 2014-09-26 23:11:59 -0700


Started GET "/assets/static.js?body=1" for 127.0.0.1 at 2014-09-26 23:11:59 -0700


Started GET "/assets/topics.js?body=1" for 127.0.0.1 at 2014-09-26 23:11:59 -0700


Started GET "/assets/application.js?body=1" for 127.0.0.1 at 2014-09-26 23:11:59 -0700


Started GET "/" for 127.0.0.1 at 2014-09-26 23:11:59 -0700
Processing by StaticController#index as */*
  Rendered static/index.html.erb within layouts/application (0.0ms)
Completed 200 OK in 49ms (Views: 48.6ms | ActiveRecord: 0.0ms)


Started GET "/" for 127.0.0.1 at 2014-09-26 23:12:00 -0700
Processing by StaticController#index as HTML
  Rendered static/index.html.erb within layouts/application (0.1ms)
Completed 200 OK in 54ms (Views: 53.2ms | ActiveRecord: 0.0ms)


Started GET "/assets/static.css?body=1" for 127.0.0.1 at 2014-09-26 23:12:00 -0700


Started GET "/assets/turbolinks.js?body=1" for 127.0.0.1 at 2014-09-26 23:12:00 -0700


Started GET "/assets/application.css?body=1" for 127.0.0.1 at 2014-09-26 23:12:00 -0700


Started GET "/assets/jquery_ujs.js?body=1" for 127.0.0.1 at 2014-09-26 23:12:00 -0700


Started GET "/assets/jquery.js?body=1" for 127.0.0.1 at 2014-09-26 23:12:00 -0700


Started GET "/assets/topics.css?body=1" for 127.0.0.1 at 2014-09-26 23:12:00 -0700


Started GET "/assets/static.js?body=1" for 127.0.0.1 at 2014-09-26 23:12:00 -0700


Started GET "/assets/topics.js?body=1" for 127.0.0.1 at 2014-09-26 23:12:00 -0700


Started GET "/assets/application.js?body=1" for 127.0.0.1 at 2014-09-26 23:12:00 -0700


Started GET "/" for 127.0.0.1 at 2014-09-26 23:12:00 -0700
Processing by StaticController#index as */*
  Rendered static/index.html.erb within layouts/application (0.0ms)
Completed 200 OK in 53ms (Views: 52.5ms | ActiveRecord: 0.0ms)


Started GET "/" for 127.0.0.1 at 2014-09-26 23:24:35 -0700

ActiveRecord::NoDatabaseError - FATAL:  database "hugefan_default" does not exist
Run `$ bin/rake db:create db:migrate` to create your database:
  activerecord (4.1.1) lib/active_record/connection_adapters/postgresql_adapter.rb:891:in `rescue in connect'
  activerecord (4.1.1) lib/active_record/connection_adapters/postgresql_adapter.rb:881:in `connect'
  activerecord (4.1.1) lib/active_record/connection_adapters/postgresql_adapter.rb:568:in `initialize'
  activerecord (4.1.1) lib/active_record/connection_adapters/postgresql_adapter.rb:41:in `postgresql_connection'
  activerecord (4.1.1) lib/active_record/connection_adapters/abstract/connection_pool.rb:435:in `new_connection'
  activerecord (4.1.1) lib/active_record/connection_adapters/abstract/connection_pool.rb:445:in `checkout_new_connection'
  activerecord (4.1.1) lib/active_record/connection_adapters/abstract/connection_pool.rb:416:in `acquire_connection'
  activerecord (4.1.1) lib/active_record/connection_adapters/abstract/connection_pool.rb:351:in `block in checkout'
   () Users/derek/.rvm/rubies/ruby-2.1.2/lib/ruby/2.1.0/monitor.rb:211:in `mon_synchronize'
  activerecord (4.1.1) lib/active_record/connection_adapters/abstract/connection_pool.rb:350:in `checkout'
  activerecord (4.1.1) lib/active_record/connection_adapters/abstract/connection_pool.rb:265:in `block in connection'
   () Users/derek/.rvm/rubies/ruby-2.1.2/lib/ruby/2.1.0/monitor.rb:211:in `mon_synchronize'
  activerecord (4.1.1) lib/active_record/connection_adapters/abstract/connection_pool.rb:264:in `connection'
  activerecord (4.1.1) lib/active_record/connection_adapters/abstract/connection_pool.rb:541:in `retrieve_connection'
  activerecord (4.1.1) lib/active_record/connection_handling.rb:113:in `retrieve_connection'
  activerecord (4.1.1) lib/active_record/connection_handling.rb:87:in `connection'
  activerecord (4.1.1) lib/active_record/migration.rb:388:in `check_pending!'
  activerecord (4.1.1) lib/active_record/migration.rb:377:in `call'
  actionpack (4.1.1) lib/action_dispatch/middleware/callbacks.rb:29:in `block in call'
  activesupport (4.1.1) lib/active_support/callbacks.rb:82:in `run_callbacks'
  actionpack (4.1.1) lib/action_dispatch/middleware/callbacks.rb:27:in `call'
  actionpack (4.1.1) lib/action_dispatch/middleware/reloader.rb:73:in `call'
  actionpack (4.1.1) lib/action_dispatch/middleware/remote_ip.rb:76:in `call'
  better_errors (1.1.0) lib/better_errors/middleware.rb:84:in `protected_app_call'
  better_errors (1.1.0) lib/better_errors/middleware.rb:79:in `better_errors_call'
  better_errors (1.1.0) lib/better_errors/middleware.rb:56:in `call'
  actionpack (4.1.1) lib/action_dispatch/middleware/debug_exceptions.rb:17:in `call'
  actionpack (4.1.1) lib/action_dispatch/middleware/show_exceptions.rb:30:in `call'
  railties (4.1.1) lib/rails/rack/logger.rb:38:in `call_app'
  railties (4.1.1) lib/rails/rack/logger.rb:20:in `block in call'
  activesupport (4.1.1) lib/active_support/tagged_logging.rb:68:in `block in tagged'
  activesupport (4.1.1) lib/active_support/tagged_logging.rb:26:in `tagged'
  activesupport (4.1.1) lib/active_support/tagged_logging.rb:68:in `tagged'
  railties (4.1.1) lib/rails/rack/logger.rb:20:in `call'
  actionpack (4.1.1) lib/action_dispatch/middleware/request_id.rb:21:in `call'
  rack (1.5.2) lib/rack/methodoverride.rb:21:in `call'
  rack (1.5.2) lib/rack/runtime.rb:17:in `call'
  activesupport (4.1.1) lib/active_support/cache/strategy/local_cache_middleware.rb:26:in `call'
  rack (1.5.2) lib/rack/lock.rb:17:in `call'
  actionpack (4.1.1) lib/action_dispatch/middleware/static.rb:64:in `call'
  rack (1.5.2) lib/rack/sendfile.rb:112:in `call'
  railties (4.1.1) lib/rails/engine.rb:514:in `call'
  railties (4.1.1) lib/rails/application.rb:144:in `call'
  rack (1.5.2) lib/rack/lock.rb:17:in `call'
  rack (1.5.2) lib/rack/content_length.rb:14:in `call'
  rack (1.5.2) lib/rack/handler/webrick.rb:60:in `service'
   () Users/derek/.rvm/rubies/ruby-2.1.2/lib/ruby/2.1.0/webrick/httpserver.rb:138:in `service'
   () Users/derek/.rvm/rubies/ruby-2.1.2/lib/ruby/2.1.0/webrick/httpserver.rb:94:in `run'
   () Users/derek/.rvm/rubies/ruby-2.1.2/lib/ruby/2.1.0/webrick/server.rb:295:in `block in start_thread'



Started POST "/__better_errors/70331436592740/variables" for 127.0.0.1 at 2014-09-26 23:24:35 -0700
  [1m[36m (664.3ms)[0m  [1mCREATE DATABASE "hugefan_default" ENCODING = 'unicode'[0m
  [1m[35m (2.3ms)[0m  CREATE TABLE "schema_migrations" ("version" character varying(255) NOT NULL) 
  [1m[36m (1.2ms)[0m  [1mCREATE UNIQUE INDEX  "unique_schema_migrations" ON "schema_migrations"  ("version")[0m
  [1m[35mActiveRecord::SchemaMigration Load (1.4ms)[0m  SELECT "schema_migrations".* FROM "schema_migrations"
Migrating to CreateTopics (20140927041719)
  [1m[36m (0.2ms)[0m  [1mBEGIN[0m
  [1m[35m (3.6ms)[0m  CREATE TABLE "topics" ("id" serial primary key, "title" character varying(255) NOT NULL, "summary" character varying(255), "created_at" timestamp, "updated_at" timestamp) 
  [1m[36mSQL (0.3ms)[0m  [1mINSERT INTO "schema_migrations" ("version") VALUES ($1)[0m  [["version", "20140927041719"]]
  [1m[35m (0.5ms)[0m  COMMIT
  [1m[36mActiveRecord::SchemaMigration Load (1.3ms)[0m  [1mSELECT "schema_migrations".* FROM "schema_migrations"[0m


Started GET "/" for 127.0.0.1 at 2014-09-26 23:25:06 -0700
  [1m[36mActiveRecord::SchemaMigration Load (0.7ms)[0m  [1mSELECT "schema_migrations".* FROM "schema_migrations"[0m
Processing by StaticController#index as HTML
  Rendered static/index.html.erb within layouts/application (2.2ms)
Completed 200 OK in 744ms (Views: 735.5ms | ActiveRecord: 0.0ms)


Started GET "/assets/application.css?body=1" for 127.0.0.1 at 2014-09-26 23:25:07 -0700


Started GET "/assets/jquery_ujs.js?body=1" for 127.0.0.1 at 2014-09-26 23:25:07 -0700


Started GET "/assets/static.css?body=1" for 127.0.0.1 at 2014-09-26 23:25:07 -0700


Started GET "/assets/topics.css?body=1" for 127.0.0.1 at 2014-09-26 23:25:07 -0700


Started GET "/assets/jquery.js?body=1" for 127.0.0.1 at 2014-09-26 23:25:07 -0700


Started GET "/assets/turbolinks.js?body=1" for 127.0.0.1 at 2014-09-26 23:25:07 -0700


Started GET "/assets/static.js?body=1" for 127.0.0.1 at 2014-09-26 23:25:07 -0700


Started GET "/assets/topics.js?body=1" for 127.0.0.1 at 2014-09-26 23:25:07 -0700


Started GET "/assets/application.js?body=1" for 127.0.0.1 at 2014-09-26 23:25:07 -0700


Started GET "/" for 127.0.0.1 at 2014-09-26 23:25:07 -0700
Processing by StaticController#index as HTML
  Rendered static/index.html.erb within layouts/application (0.0ms)
Completed 200 OK in 37ms (Views: 36.7ms | ActiveRecord: 0.0ms)


Started GET "/" for 127.0.0.1 at 2014-09-26 23:25:15 -0700
Processing by StaticController#index as HTML
  Rendered static/index.html.erb within layouts/application (0.0ms)
Completed 200 OK in 32ms (Views: 32.0ms | ActiveRecord: 0.0ms)


Started GET "/assets/static.css?body=1" for 127.0.0.1 at 2014-09-26 23:25:15 -0700


Started GET "/assets/topics.css?body=1" for 127.0.0.1 at 2014-09-26 23:25:15 -0700


Started GET "/assets/turbolinks.js?body=1" for 127.0.0.1 at 2014-09-26 23:25:15 -0700


Started GET "/assets/jquery_ujs.js?body=1" for 127.0.0.1 at 2014-09-26 23:25:15 -0700


Started GET "/assets/application.css?body=1" for 127.0.0.1 at 2014-09-26 23:25:15 -0700


Started GET "/assets/jquery.js?body=1" for 127.0.0.1 at 2014-09-26 23:25:15 -0700


Started GET "/assets/static.js?body=1" for 127.0.0.1 at 2014-09-26 23:25:15 -0700


Started GET "/assets/topics.js?body=1" for 127.0.0.1 at 2014-09-26 23:25:15 -0700


Started GET "/assets/application.js?body=1" for 127.0.0.1 at 2014-09-26 23:25:15 -0700


Started GET "/" for 127.0.0.1 at 2014-09-26 23:25:15 -0700
Processing by StaticController#index as HTML
  Rendered static/index.html.erb within layouts/application (0.0ms)
Completed 200 OK in 64ms (Views: 63.3ms | ActiveRecord: 0.0ms)
